c:\users\anugr\source\repos\sgp4\x64\debug\vc143.pdb
c:\users\anugr\source\repos\sgp4\x64\debug\vc143.idb
c:\users\anugr\source\repos\sgp4\x64\debug\fovdll_service.obj
c:\users\anugr\source\repos\sgp4\x64\debug\fovdll.obj
c:\users\anugr\source\repos\sgp4\x64\debug\extephemdll_service.obj
c:\users\anugr\source\repos\sgp4\x64\debug\extephemdll.obj
c:\users\anugr\source\repos\sgp4\x64\debug\envconstdll.obj
c:\users\anugr\source\repos\sgp4\x64\debug\elopsdll_service.obj
c:\users\anugr\source\repos\sgp4\x64\debug\elopsdll.obj
c:\users\anugr\source\repos\sgp4\x64\debug\elcompdll.obj
c:\users\anugr\source\repos\sgp4\x64\debug\dllutils.obj
c:\users\anugr\source\repos\sgp4\x64\debug\dllmaindll_service.obj
c:\users\anugr\source\repos\sgp4\x64\debug\dllmaindll.obj
c:\users\anugr\source\repos\sgp4\x64\debug\combodll_service.obj
c:\users\anugr\source\repos\sgp4\x64\debug\combodll.obj
c:\users\anugr\source\repos\sgp4\x64\debug\batchdcdll_service.obj
c:\users\anugr\source\repos\sgp4\x64\debug\batchdcdll.obj
c:\users\anugr\source\repos\sgp4\x64\debug\bamdll.obj
c:\users\anugr\source\repos\sgp4\x64\debug\astrofuncdll_service.obj
c:\users\anugr\source\repos\sgp4\x64\debug\astrofuncdll.obj
c:\users\anugr\source\repos\sgp4\x64\debug\aofdll_service.obj
c:\users\anugr\source\repos\sgp4\x64\debug\aofdll.obj
c:\users\anugr\source\repos\sgp4\x64\debug\tledll.obj
c:\users\anugr\source\repos\sgp4\x64\debug\timefuncdll_service.obj
c:\users\anugr\source\repos\sgp4\x64\debug\timefuncdll.obj
c:\users\anugr\source\repos\sgp4\x64\debug\spvecdll.obj
c:\users\anugr\source\repos\sgp4\x64\debug\sppropdll_service.obj
c:\users\anugr\source\repos\sgp4\x64\debug\sppropdll.obj
c:\users\anugr\source\repos\sgp4\x64\debug\sgp4propdll.obj
c:\users\anugr\source\repos\sgp4\x64\debug\sensordll_service.obj
c:\users\anugr\source\repos\sgp4\x64\debug\sensordll.obj
c:\users\anugr\source\repos\sgp4\x64\debug\satstatedll_service.obj
c:\users\anugr\source\repos\sgp4\x64\debug\satstatedll.obj
c:\users\anugr\source\repos\sgp4\x64\debug\saasdll.obj
c:\users\anugr\source\repos\sgp4\x64\debug\rotasdll_service.obj
c:\users\anugr\source\repos\sgp4\x64\debug\rotasdll.obj
c:\users\anugr\source\repos\sgp4\x64\debug\obsopsdll_service.obj
c:\users\anugr\source\repos\sgp4\x64\debug\obsopsdll.obj
c:\users\anugr\source\repos\sgp4\x64\debug\obsdll_service.obj
c:\users\anugr\source\repos\sgp4\x64\debug\obsdll.obj
c:\users\anugr\source\repos\sgp4\x64\debug\lamoddll_service.obj
c:\users\anugr\source\repos\sgp4\x64\debug\lamoddll.obj
c:\users\anugr\source\repos\sgp4\x64\debug\vcmdll.obj
c:\users\anugr\source\repos\sgp4\x64\debug\tledll_service.obj
c:\users\anugr\source\repos\sgp4\x64\debug\main.obj
c:\users\anugr\source\repos\sgp4\x64\debug\kernel.cu.obj
c:\users\anugr\source\repos\sgp4\x64\debug\sgp4.lib
c:\users\anugr\source\repos\sgp4\x64\debug\sgp4.exp
c:\users\anugr\source\repos\sgp4\x64\debug\kernel.cu.cache
c:\users\anugr\source\repos\sgp4\x64\debug\sgp4.ilk
c:\users\anugr\source\repos\sgp4\x64\debug\sgp4.pdb
c:\users\anugr\source\repos\sgp4\x64\debug\sgp4.tlog\cl.command.1.tlog
c:\users\anugr\source\repos\sgp4\x64\debug\sgp4.tlog\cl.items.tlog
c:\users\anugr\source\repos\sgp4\x64\debug\sgp4.tlog\cl.read.1.tlog
c:\users\anugr\source\repos\sgp4\x64\debug\sgp4.tlog\cl.write.1.tlog
c:\users\anugr\source\repos\sgp4\x64\debug\sgp4.tlog\cudacompile.read.1u.tlog
c:\users\anugr\source\repos\sgp4\x64\debug\sgp4.tlog\cudacompile.write.1u.tlog
c:\users\anugr\source\repos\sgp4\x64\debug\sgp4.tlog\link.command.1.tlog
c:\users\anugr\source\repos\sgp4\x64\debug\sgp4.tlog\link.read.1.tlog
c:\users\anugr\source\repos\sgp4\x64\debug\sgp4.tlog\link.write.1.tlog
c:\users\anugr\source\repos\sgp4\x64\debug\sgp4.tlog\link.write.2u.tlog
