HQ SpOC Sgp4Prop - Version: v9.4 - Build: May 01 2024 - Platform: Windows 64-bit - Compiler: OneAPI ifort                      


EPHEMERIS GENERATED BY SGP4 USING THE WGS-72 EARTH MODEL
COORDINATE FRAME=TRUE EQUATOR AND MEAN EQUINOX OF EPOCH
USING THE FK5 MEAN OF J2000 TIME AND REFERENCE FRAME

INPUT FILE = input\rel14_type4.inp
Start Time =         0.0000 min from epoch
Stop Time  =     43200.0000 min from epoch
Step size  =      2700.0000 min


     TSINCE (MIN)     N (REVS/DAY)          ECC (-)        INC (DEG)       NODE (DEG)      OMEGA (DEG)         MA (DEG)


 1 90021U RELEAS14 00051.47568104 +.00000184  00000 0  00000 0 4 0814                                                                                                                                                                                                                                                                                                                                                                                                                                                           
 2 90021   0.0222 182.4923 0000720  45.6036 131.8822  1.0027132801199                                                                                                                                                                                                                                                                                                                                                                                                                                                           

         0.0000000        1.0027137        0.0000720        0.0222000      182.4923000       45.6036000      131.8822000
      2700.0000000        1.0027574        0.0000663        0.0251711      180.6199221      331.5516672      164.7074366
      5400.0000000        1.0028049        0.0001243        0.0255986      178.4433438      332.4248119      122.9094728
      8100.0000000        1.0027601        0.0001137        0.0248872      173.2107455      358.2755828       59.2029253
     10800.0000000        1.0028049        0.0000877        0.0254409      163.8857244      358.3823542       25.3406819
     13500.0000000        1.0027846        0.0001222        0.0279665      153.7888663        3.3300674      347.4143249
     16200.0000000        1.0027999        0.0001524        0.0324107      148.6172588       22.3628790      290.4886425
     18900.0000000        1.0028657        0.0001579        0.0377478      147.9227277       45.9329928      224.5473032
     21600.0000000        1.0027909        0.0000963        0.0415937      148.7300517       47.0125653      179.5991462
     24300.0000000        1.0028206        0.0001062        0.0429407      149.6789771       16.7701217      165.8451987
     27000.0000000        1.0028836        0.0001502        0.0427155      147.8531774       26.4304867      114.9579109
     29700.0000000        1.0028358        0.0001335        0.0427360      142.4770834       60.5121888       43.2112354
     32400.0000000        1.0028813        0.0000799        0.0462421      136.4995151       75.4854863      351.1838928
     35100.0000000        1.0028523        0.0000957        0.0522110      132.9686159       53.0101440      334.1610667
     37800.0000000        1.0028730        0.0001383        0.0571212      133.1882744       70.7896436      273.1465866
     40500.0000000        1.0029424        0.0001182        0.0603971      134.8533534       94.8272759      204.4220058
     43200.0000000        1.0028634        0.0000374        0.0609307      135.2205269       49.7711034      206.0989778


 1 90022U RELEAS14 00051.59174492 +.00000136  00000 0  00000 0 4 0733                                                                                                                                                                                                                                                                                                                                                                                                                                                           
 2 90022   4.5701  71.6069 0014162  60.8451 299.2453  0.9654587100306                                                                                                                                                                                                                                                                                                                                                                                                                                                           

         0.0000000        0.9654591        0.0014162        4.5701000       71.6069000       60.8451000      299.2453000
      2700.0000000        0.9653619        0.0014489        4.5703120       71.5995760       56.3015856      235.4697254
      5400.0000000        0.9654468        0.0015420        4.5719403       71.5671252       56.6154331      166.8698434
      8100.0000000        0.9653965        0.0015047        4.5748820       71.5311301       57.9607188       97.2475393
     10800.0000000        0.9654248        0.0015029        4.5793583       71.5161777       56.8897819       30.0224920
     13500.0000000        0.9654001        0.0015376        4.5836815       71.5143235       58.4441558      320.1596107
     16200.0000000        0.9654297        0.0015069        4.5867564       71.5383971       60.1425583      250.1154833
     18900.0000000        0.9653600        0.0014863        4.5882689       71.5535795       57.4554282      184.4702789
     21600.0000000        0.9654513        0.0015636        4.5882060       71.5577898       57.7392863      115.8539155
     24300.0000000        0.9653677        0.0015072        4.5884239       71.5309401       61.7266097       43.5754049
     27000.0000000        0.9654596        0.0014084        4.5909784       71.4838433       60.7430579      336.2881306
     29700.0000000        0.9653974        0.0014740        4.5951244       71.4405717       59.6574997      269.1083731
     32400.0000000        0.9654124        0.0014498        4.6013163       71.4316871       60.9947108      199.4648200
     35100.0000000        0.9654147        0.0014332        4.6057657       71.4456491       57.9534671      134.1777398
     37800.0000000        0.9653874        0.0014936        4.6077568       71.4701686       58.1233416       65.6518091
     40500.0000000        0.9654152        0.0014314        4.6079334       71.4623528       60.6460351      354.8189398
     43200.0000000        0.9654108        0.0014225        4.6085661       71.4241113       57.6218772      289.5514046


 1 90023U RELEAS14 00051.45013393 +.00000064  00000 0  00000 0 4 0221                                                                                                                                                                                                                                                                                                                                                                                                                                                           
 2 90023  54.9132 182.6983 0017768 176.8444 183.1487  2.0055852401395                                                                                                                                                                                                                                                                                                                                                                                                                                                           

         0.0000000        2.0055861        0.0017768       54.9132000      182.6983000      176.8444000      183.1487000
      2700.0000000        2.0055855        0.0017805       54.9161301      182.6251792      177.1304978       96.6673547
      5400.0000000        2.0055848        0.0017840       54.9156918      182.5517340      177.3488159       10.2544436
      8100.0000000        2.0055842        0.0017893       54.9137437      182.4774991      177.3302469      284.0831272
     10800.0000000        2.0055835        0.0017971       54.9124945      182.4026101      177.2357962      197.9923918
     13500.0000000        2.0055829        0.0018059       54.9133769      182.3275361      177.2886402      111.7563585
     16200.0000000        2.0055822        0.0018135       54.9166642      182.2528298      177.5402307       25.3197445
     18900.0000000        2.0055815        0.0018190       54.9213353      182.1789027      177.8205246      298.8491239
     21600.0000000        2.0055809        0.0018232       54.9252787      182.1057621      177.9101963      212.5626388
     24300.0000000        2.0055802        0.0018278       54.9263517      182.0328460      177.8420236      126.4303146
     27000.0000000        2.0055796        0.0018319       54.9241334      181.9592758      177.9148216       40.1592636
     29700.0000000        2.0055789        0.0018327       54.9207635      181.8845451      178.2296763      313.6530816
     32400.0000000        2.0055783        0.0018305       54.9195003      181.8090454      178.4604770      227.2369052
     35100.0000000        2.0055776        0.0018294       54.9219660      181.7338388      178.3621597      141.1493285
     37800.0000000        2.0055770        0.0018320       54.9265743      181.6597798      178.2132642       55.1051347
     40500.0000000        2.0055763        0.0018360       54.9298733      181.5867628      178.3601727      328.7569918
     43200.0000000        2.0055757        0.0018394       54.9296864      181.5138932      178.6538324      242.2591642


 1 90024U RELEAS14 00051.03935584 +.00001327  00000 0  00000 0 4 0882                                                                                                                                                                                                                                                                                                                                                                                                                                                           
 2 90024  64.7717 195.4038 6033327 269.3020  18.6110  2.0061535803847                                                                                                                                                                                                                                                                                                                                                                                                                                                           

         0.0000000        2.0061545        0.6033327       64.7717000      195.4038000      269.3020000       18.6110000
      2700.0000000        2.0061869        0.6032937       64.7766252      195.2683183      269.2704643      292.7465350
      5400.0000000        2.0062193        0.6032676       64.7789154      195.1337997      269.2379628      206.9017505
      8100.0000000        2.0062516        0.6032504       64.7789519      194.9993783      269.2071384      121.0783969
     10800.0000000        2.0062840        0.6032359       64.7783372      194.8647471      269.1789617       35.2776326
     13500.0000000        2.0063162        0.6032213       64.7787013      194.7299363      269.1528446      309.4997202
     16200.0000000        2.0063484        0.6032060       64.7810435      194.5950796      269.1272409      223.7441884
     18900.0000000        2.0063806        0.6031900       64.7853516      194.4603421      269.1002233      138.0101315
     21600.0000000        2.0064126        0.6031744       64.7903991      194.3259042      269.0702555       52.2967290
     24300.0000000        2.0064446        0.6031634       64.7941479      194.1918070      269.0372736      326.6039809
     27000.0000000        2.0064766        0.6031635       64.7951025      194.0576054      269.0033143      240.9330428
     29700.0000000        2.0065084        0.6031747       64.7937503      193.9223495      268.9714297      155.2854679
     32400.0000000        2.0065402        0.6031831       64.7924772      193.7854446      268.9431490       69.6618197
     35100.0000000        2.0065718        0.6031708       64.7937020      193.6476274      268.9168381      344.0609418
     37800.0000000        2.0066034        0.6031366       64.7977718      193.5105812      268.8889336      258.4805601
     40500.0000000        2.0066348        0.6030981       64.8025693      193.3753108      268.8572589      172.9188736
     43200.0000000        2.0066661        0.6030713       64.8054499      193.2413441      268.8229837       87.3758320


 1 90025U RELEAS14 00051.03935584 +.00001327  00000 0  00000 0 4 0882                                                                                                                                                                                                                                                                                                                                                                                                                                                           
 2 90025  64.7717 195.4038 6833327 269.3020  18.6110  2.0061535803847                                                                                                                                                                                                                                                                                                                                                                                                                                                           

         0.0000000        2.0061545        0.6833327       64.7717000      195.4038000      269.3020000       18.6110000
      2700.0000000        2.0061988        0.6832907       64.7766472      195.2112111      269.2658362      292.7354583
      5400.0000000        2.0062431        0.6832616       64.7791842      195.0199624      269.2285677      206.8877390
      8100.0000000        2.0062874        0.6832428       64.7796561      194.8289123      269.1927780      121.0693162
     10800.0000000        2.0063317        0.6832282       64.7795370      194.6376004      269.1594464       35.2812367
     13500.0000000        2.0063759        0.6832137       64.7803273      194.4460469      269.1280321      309.5238312
     16200.0000000        2.0064201        0.6831982       64.7829409      194.2544650      269.0970579      223.7968199
     18900.0000000        2.0064643        0.6831820       64.7873510      194.0631196      269.0646890      138.0995403
     21600.0000000        2.0065084        0.6831676       64.7924112      193.8722245      269.0295033       52.4313636
     24300.0000000        2.0065524        0.6831604       64.7962453      193.6817023      268.9915347      326.7922928
     27000.0000000        2.0065964        0.6831655       64.7975047      193.4908407      268.9528239      241.1832438
     29700.0000000        2.0066402        0.6831803       64.7966742      193.2984521      268.9162921      155.6054417
     32400.0000000        2.0066840        0.6831897       64.7959570      193.1039761      268.8832784       70.0593086
     35100.0000000        2.0067277        0.6831773       64.7975483      192.9085056      268.8520435      344.5438634
     37800.0000000        2.0067712        0.6831433       64.8017226      192.7141553      268.8190763      259.0571780
     40500.0000000        2.0068146        0.6831055       64.8065069      192.5220930      268.7823304      173.5976629
     43200.0000000        2.0068579        0.6830795       64.8094824      192.3316620      268.7430391       88.1651529


 1 90026U RELEAS14 00051.03935584 +.00001327  00000 0  00000 0 4 0882                                                                                                                                                                                                                                                                                                                                                                                                                                                           
 2 90026  64.7717 195.4038 7233327 269.3020  18.6110  2.0061535803847                                                                                                                                                                                                                                                                                                                                                                                                                                                           

         0.0000000        2.0061545        0.7233327       64.7717000      195.4038000      269.3020000       18.6110000
      2700.0000000        2.0062080        0.7232900       64.7767556      195.1633953      269.2614743      292.7263181
      5400.0000000        2.0062615        0.7232600       64.7795322      194.9245914      269.2197472      206.8757321
      8100.0000000        2.0063151        0.7232408       64.7803553      194.6860578      269.1793802      121.0605757
     10800.0000000        2.0063686        0.7232264       64.7806247      194.4472271      269.1413616       35.2818453
     13500.0000000        2.0064222        0.7232124       64.7817649      194.2081173      269.1051729      309.5399191
     16200.0000000        2.0064757        0.7231971       64.7846384      193.9690057      269.0693677      223.8346307
     18900.0000000        2.0065292        0.7231814       64.7892072      193.7302307      269.0321592      138.1654587
     21600.0000000        2.0065827        0.7231685       64.7943698      193.4920202      268.9921975       52.5318849
     24300.0000000        2.0066361        0.7231640       64.7983445      193.2541889      268.9495927      326.9339200
     27000.0000000        2.0066895        0.7231724       64.7998720      193.0158198      268.9064086      241.3723558
     29700.0000000        2.0067427        0.7231895       64.7994396      192.7755753      268.8654918      155.8482504
     32400.0000000        2.0067959        0.7231996       64.7991467      192.5329653      268.8280431       70.3619660
     35100.0000000        2.0068490        0.7231875       64.8010559      192.2893633      268.7922242      344.9126332
     37800.0000000        2.0069019        0.7231547       64.8053933      192.0471680      268.7545376      259.4985193
     40500.0000000        2.0069547        0.7231188       64.8102630      191.8076083      268.7130368      174.1181453
     43200.0000000        2.0070074        0.7230951       64.8133780      191.5698549      268.6690348       88.7712757


 1 90027U RELEAS14 00051.03935584 +.00000209  00000 0  99999-4 4 1844                                                                                                                                                                                                                                                                                                                                                                                                                                                           
 2 90027  64.3871 233.3669 6991935 271.4388  16.5332  1.9699794003847                                                                                                                                                                                                                                                                                                                                                                                                                                                           

         0.0000000        1.9699803        0.6991935       64.3871000      233.3669000      271.4388000       16.5332000
      2700.0000000        1.9699847        0.6991300       64.3902364      233.1509854      271.4201977      266.2216103
      5400.0000000        1.9700090        0.6990268       64.3939784      232.9388642      271.3989858      155.9158380
      8100.0000000        1.9700482        0.6989179       64.3966066      232.7317284      271.3749426       45.6310829
     10800.0000000        1.9700945        0.6988291       64.3975834      232.5281305      271.3497683      295.3774587
     13500.0000000        1.9701396        0.6987716       64.3973411      232.3255759      271.3255426      185.1583560
     16200.0000000        1.9701761        0.6987424       64.3969197      232.1214794      271.3038584       74.9705086
     18900.0000000        1.9701983        0.6987250       64.3975611      231.9138975      271.2852448      324.8048994
     21600.0000000        1.9702029        0.6986923       64.4000195      231.7025721      271.2685504      214.6483937
     24300.0000000        1.9701887        0.6986199       64.4036870      231.4898381      271.2508376      104.4865436
     27000.0000000        1.9701577        0.6985102       64.4064985      231.2796575      271.2289312      354.3072202
     29700.0000000        1.9701146        0.6984000       64.4064748      231.0741621      271.2022324      244.1029004
     32400.0000000        1.9700667        0.6983307       64.4037317      230.8709803      271.1738720      133.8700943
     35100.0000000        1.9700228        0.6983061       64.4006840      230.6650846      271.1482485       23.6078922
     37800.0000000        1.9699916        0.6982851       64.4000481      230.4537852      271.1270401      273.3185441
     40500.0000000        1.9699794        0.6982227       64.4025950      230.2394388      271.1078255      163.0097522
     43200.0000000        1.9699884        0.6981110       64.4068449      230.0268705      271.0868494       52.6951754


 1 90028U RELEAS14 00051.15714066 -.00000031  00000 0 -13568-4 4 0377                                                                                                                                                                                                                                                                                                                                                                                                                                                           
 2 90028  72.5158 115.6069 0011430 124.7615 235.4297 12.4439648802428                                                                                                                                                                                                                                                                                                                                                                                                                                                           

         0.0000000       12.4439705        0.0011430       72.5158000      115.6069000      124.7615000      235.4297000
      2700.0000000       12.4439705        0.0011650       72.5149944      112.9169448      123.8731068      350.2721659
      5400.0000000       12.4439705        0.0011864       72.5146117      110.2269440      122.9805133      105.1199211
      8100.0000000       12.4439705        0.0012068       72.5147151      107.5371241      122.0793772      219.9760898
     10800.0000000       12.4439705        0.0012267       72.5150129      104.8475157      121.1618872      334.8477275
     13500.0000000       12.4439705        0.0012463       72.5151494      102.1579849      120.2279819       89.7349219
     16200.0000000       12.4439705        0.0012656       72.5149075       99.4683239      119.2835180      204.6324571
     18900.0000000       12.4439705        0.0012841       72.5143249       96.7783619      118.3318062      319.5379110
     21600.0000000       12.4439705        0.0013018       72.5137173       94.0880886      117.3690981       74.4556298
     24300.0000000       12.4439705        0.0013190       72.5135107       91.3977182      116.3917842      189.3889716
     27000.0000000       12.4439705        0.0013360       72.5138788       88.7075692      115.4066218      304.3300501
     29700.0000000       12.4439705        0.0013524       72.5145080       86.0177834      114.4231737       59.2681883
     32400.0000000       12.4439705        0.0013677       72.5148404       83.3281582      113.4389591      174.2058681
     35100.0000000       12.4439705        0.0013825       72.5146229       80.6383156      112.4481907      289.1500666
     37800.0000000       12.4439705        0.0013970       72.5141878       77.9480800      111.4575415       44.0953112
     40500.0000000       12.4439705        0.0014111       72.5141168       75.2576762      110.4734962      159.0350704
     43200.0000000       12.4439705        0.0014240       72.5146337       72.5675049      109.4863794      273.9778228


 1 90029U RELEAS14 00051.38558242 +.00000961  00000 0  44365-3 4 5319                                                                                                                                                                                                                                                                                                                                                                                                                                                           
 2 90029  98.7064 100.2836 0014146 119.4841 240.7749 14.2193618701011                                                                                                                                                                                                                                                                                                                                                                                                                                                           

         0.0000000       14.2193683        0.0014146       98.7064000      100.2836000      119.4841000      240.7749000
      2700.0000000       14.2193685        0.0014644       98.7058219      102.1313228      117.6892989      109.5460463
      5400.0000000       14.2193688        0.0015110       98.7056691      103.9791469      115.8380415      338.3737188
      8100.0000000       14.2193691        0.0015544       98.7057910      105.8270417      113.9397150      207.2480490
     10800.0000000       14.2193694        0.0015947       98.7059449      107.6749257      112.0006010       76.1626496
     13500.0000000       14.2193696        0.0016321       98.7059217      109.5227116      110.0255287      305.1128564
     16200.0000000       14.2193699        0.0016660       98.7055948      111.3703339      108.0189365      174.0945540
     18900.0000000       14.2193702        0.0016964       98.7049570      113.2177766      105.9857280       43.1032422
     21600.0000000       14.2193705        0.0017229       98.7041564      115.0650983      103.9318514      272.1333226
     24300.0000000       14.2193708        0.0017458       98.7034741      116.9124189      101.8633840      141.1787834
     27000.0000000       14.2193711        0.0017653       98.7031711      118.7598426       99.7834938       10.2360763
     29700.0000000       14.2193714        0.0017814       98.7032770      120.6073666       97.6907546      239.3059753
     32400.0000000       14.2193717        0.0017936       98.7035222      122.4548690       95.5831463      108.3900499
     35100.0000000       14.2193721        0.0018016       98.7035119      124.3021994       93.4639985      337.4851020
     37800.0000000       14.2193724        0.0018058       98.7030267      126.1493007       91.3410224      206.5840701
     40500.0000000       14.2193727        0.0018064       98.7022023      127.9962520       89.2186318       75.6831925
     43200.0000000       14.2193730        0.0018034       98.7014012      129.8431839       87.0955624      304.7838675


 1 90030U RELEAS14 00051.38558242 +.01672663  94000-5  22520-2 4 0035                                                                                                                                                                                                                                                                                                                                                                                                                                                           
 2 90030  28.5475 124.9280 0081002 156.8669 205.7976 16.0204499601011                                                                                                                                                                                                                                                                                                                                                                                                                                                           

         0.0000000       16.0204572        0.0081002       28.5475000      124.9280000      156.8669000      205.7976000
      2700.0000000       16.0270771        0.0077651       28.5473158      110.6478691      179.6589372      232.9371384
      5400.0000000       16.0337861        0.0074318       28.5473139       96.3535423      203.0613001      264.0006636
      8100.0000000       16.0406221        0.0071314       28.5475560       82.0455349      227.0833168      299.0491621
     10800.0000000       16.0476161        0.0068913       28.5477700       67.7237561      251.6076249      338.2913767
     13500.0000000       16.0548665        0.0067259       28.5477748       53.3873704      276.4014850       22.1008704
     16200.0000000       16.0624872        0.0066344       28.5476398       39.0353378      301.1632149       70.9914081
     18900.0000000       16.0705972        0.0066001       28.5475042       24.6668028      325.6082615      125.5392792
     21600.0000000       16.0792895        0.0065960       28.5473326       10.2808742      349.5401181      186.3108947
     24300.0000000       16.0886092        0.0065912       28.5469623      355.8761704       12.8803210      253.7927292
     27000.0000000       16.0985562        0.0065570       28.5464286      341.4508732       35.6445378      328.4055547
     29700.0000000       16.1091374        0.0064690       28.5459846      327.0036532       57.9255241       50.4790768
     32400.0000000       16.1203740        0.0063090       28.5456607      312.5337122       79.8575780      140.3176335
     35100.0000000       16.1323465        0.0060660       28.5451717      298.0397068      101.6256332      238.2058125
     37800.0000000       16.1451476        0.0057380       28.5444807      283.5192788      123.4666166      344.4391777
     40500.0000000       16.1588836        0.0053345       28.5440013      268.9702578      145.6715816       99.3278293
     43200.0000000       16.1736544        0.0048773       28.5439381      254.3913425      168.5887882      223.1885132


 1 90031U RELEAS14 00051.38558242 +.00168784  00000 0  70845-3 4 0046                                                                                                                                                                                                                                                                                                                                                                                                                                                           
 2 90031  63.9976   6.4832 7509563 239.3244 315.9903  2.0525984300303                                                                                                                                                                                                                                                                                                                                                                                                                                                           

         0.0000000        2.0525994        0.7509563       63.9976000        6.4832000      239.3244000      315.9903000
      2700.0000000        2.0528589        0.7510700       64.0011394        6.1756624      239.2956896      261.5024925
      5400.0000000        2.0531287        0.7512139       63.9998248        5.8632529      239.2753070      207.1757894
      8100.0000000        2.0534192        0.7513132       63.9939308        5.5443845      239.2630434      153.0282930
     10800.0000000        2.0537265        0.7513368       63.9857576        5.2211865      239.2552620       99.0833511
     13500.0000000        2.0540337        0.7512928       63.9781591        4.8972608      239.2474587       45.3546194
     16200.0000000        2.0543336        0.7512189       63.9736675        4.5764685      239.2354008      351.8429320
     18900.0000000        2.0546429        0.7511748       63.9735409        4.2615733      239.2167278      298.5465500
     21600.0000000        2.0550033        0.7512216       63.9765454        3.9519450      239.1934550      245.4761794
     24300.0000000        2.0554846        0.7513716       63.9786284        3.6418509      239.1727717      192.6742290
     27000.0000000        2.0562059        0.7515450       63.9754547        3.3232314      239.1620693      140.2510972
     29700.0000000        2.0572824        0.7516128       63.9667616        2.9933007      239.1604495       88.4210011
     32400.0000000        2.0585694        0.7515304       63.9573083        2.6589441      239.1572517       37.4139408
     35100.0000000        2.0597588        0.7513923       63.9522109        2.3309859      239.1420936      347.2712863
     37800.0000000        2.0608530        0.7513247       63.9518064        2.0136838      239.1159270      297.8997917
     40500.0000000        2.0621954        0.7513573       63.9520311        1.7014389      239.0899613      249.3167868
     43200.0000000        2.0645749        0.7513782       63.9492065        1.3857171      239.0742559      201.9109430


 1 90032U RELEAS14 00051.38558242 +.00332394  00000 0  96401-4 4 0062                                                                                                                                                                                                                                                                                                                                                                                                                                                           
 2 90032  63.8221 352.9474 7190794 239.0801 307.3271  2.4861841700210                                                                                                                                                                                                                                                                                                                                                                                                                                                           

         0.0000000        2.4861853        0.7190794       63.8221000      352.9474000      239.0801000      307.3271000
      2700.0000000        2.4904758        0.7189024       63.8217921      352.5497166      239.0605621      186.6796950
      5400.0000000        2.4986095        0.7184338       63.8181676      352.1456975      239.0493248       70.0840839
      8100.0000000        2.5120717        0.7175115       63.8127485      351.7352318      239.0431458      320.7675227
     10800.0000000        2.5291920        0.7162528       63.8075110      351.3202706      239.0368544      221.9656624
     13500.0000000        2.5464818        0.7149420       63.8040015      350.9034733      239.0264418      134.9547394
     16200.0000000        2.5623675        0.7137382       63.8027327      350.4870256      239.0098401       59.1386378
     18900.0000000        2.5785817        0.7125623       63.8030126      350.0712417      238.9887666      353.9628228
     21600.0000000        2.6007842        0.7110276       63.8029762      349.6530369      238.9682497      301.2568883
     24300.0000000        2.6421563        0.7081461       63.8002598      349.2251763      238.9539583      268.9269218
     27000.0000000        2.7246524        0.7022587       63.7925241      348.7771685      238.9466029      277.2586700
     29700.0000000        2.8574380        0.6927405       63.7823943      348.3011490      238.9512411      358.6075423
     32400.0000000        3.0133211        0.6816518       63.7724719      347.7946555      238.9442064      179.6332127
     35100.0000000        3.1667835        0.6709138       63.7658817      347.2609726      238.9277516      105.2098056
     37800.0000000        3.3399003        0.6590858       63.7635580      346.6984282      238.9182811      138.3898266
     40500.0000000        3.5834498        0.6428191       63.7590577      346.0896872      238.9015970      309.0857756
     43200.0000000        3.9706583        0.6176579       63.7526855      345.4057109      238.8959741      327.8296074


 1 90033U RELEAS14 00051.92409179 +.00000011  00000 0  00000 0 4 0041                                                                                                                                                                                                                                                                                                                                                                                                                                                           
 2 90033  52.6683  23.9378 0137366 276.7208  81.7737  6.4729361700921                                                                                                                                                                                                                                                                                                                                                                                                                                                           

         0.0000000        6.4729391        0.0137366       52.6683000       23.9378000      276.7208000       81.7737000
      2700.0000000        6.4729391        0.0137353       52.6692647       22.7531011      277.5678878      131.0765061
      5400.0000000        6.4729391        0.0137348       52.6696662       21.5686820      278.4120607      180.3817566
      8100.0000000        6.4729391        0.0137356       52.6696240       20.3840346      279.2567756      229.6868592
     10800.0000000        6.4729391        0.0137372       52.6694933       19.1989489      280.1049475      278.9892637
     13500.0000000        6.4729391        0.0137387       52.6696184       18.0135240      280.9570171      328.2883473
     16200.0000000        6.4729391        0.0137395       52.6701816       16.8280746      281.8106192       17.5859021
     18900.0000000        6.4729391        0.0137395       52.6711005       15.6429857      282.6618006       66.8851794
     21600.0000000        6.4729391        0.0137396       52.6720100       14.4584789      283.5078034      116.1885233
     24300.0000000        6.4729391        0.0137407       52.6724548       13.2743714      284.3496758      165.4951844
     27000.0000000        6.4729391        0.0137429       52.6722742       12.0901073      285.1913854      214.8021535
     29700.0000000        6.4729391        0.0137456       52.6718239       10.9051967      286.0361158      264.1071018
     32400.0000000        6.4729391        0.0137481       52.6717114        9.7196981      286.8845957      313.4092187
     35100.0000000        6.4729391        0.0137497       52.6722350        8.5342273      287.7357969        2.7085125
     37800.0000000        6.4729391        0.0137501       52.6730733        7.3494103      288.5868173       52.0068816
     40500.0000000        6.4729391        0.0137498       52.6735937        6.1652924      289.4337351      101.3082565
     43200.0000000        6.4729391        0.0137501       52.6734698        4.9813536      290.2755822      150.6145488


 1 90034U RELEAS14 00051.38558242 +.00711372  97635-5  13083-2 4 0021                                                                                                                                                                                                                                                                                                                                                                                                                                                           
 2 90034  62.8218  97.3466 0233042 119.4400 242.9881 17.6709972501011                                                                                                                                                                                                                                                                                                                                                                                                                                                           

         0.0000000       17.6710052        0.0233042       62.8218000       97.3466000      119.4400000      242.9881000
Warning: Decay condition. Distance from the Geoid (Km) =    -79.929

