HQ SpOC Sgp4Prop - Version: v9.4 - Build: May 01 2024 - Platform: Windows 64-bit - Compiler: OneAPI ifort                      


EPHEMERIS GENERATED BY SGP4 USING THE WGS-72 EARTH MODEL
COORDINATE FRAME=TRUE EQUATOR AND MEAN EQUINOX OF EPOCH
USING THE FK5 MEAN OF J2000 TIME AND REFERENCE FRAME

INPUT FILE = input\rel14_type4.inp
Start Time =         0.0000 min from epoch
Stop Time  =     43200.0000 min from epoch
Step size  =      2700.0000 min


     TSINCE (MIN)   NODAL PER(MIN)1/NODAL(REVS/DAY)       N(REVS/DY)    ANOM PER(MIN)      APOGEE (KM)      PERIGEE(KM)


 1 90021U RELEAS14 00051.47568104 +.00000184  00000 0  00000 0 4 0814                                                                                                                                                                                                                                                                                                                                                                                                                                                           
 2 90021   0.0222 182.4923 0000720  45.6036 131.8822  1.0027132801199                                                                                                                                                                                                                                                                                                                                                                                                                                                           

         0.0000000     1435.9967177        1.0027878        1.0027137     1436.1028034    42167.8959347    42161.8241949
      2700.0000000     1435.9341868        1.0028315        1.0027574     1436.0402633    42166.4316480    42160.8401769
      5400.0000000     1435.8661641        1.0028790        1.0028049     1435.9722305    42167.5465094    42157.0619420
      8100.0000000     1435.9303195        1.0028342        1.0027601     1436.0363954    42168.3555437    42158.7648598
     10800.0000000     1435.8661036        1.0028790        1.0028049     1435.9721700    42166.0014318    42158.6046508
     13500.0000000     1435.8953074        1.0028586        1.0027846     1436.0013781    42168.0250060    42157.7245304
     16200.0000000     1435.8733732        1.0028739        1.0027999     1435.9794407    42168.8696693    42156.0210500
     18900.0000000     1435.7791924        1.0029397        1.0028657     1435.8852459    42167.2575194    42153.9455652
     21600.0000000     1435.8861916        1.0028650        1.0027909     1435.9922610    42166.7564772    42158.6361382
     24300.0000000     1435.8436831        1.0028947        1.0028206     1435.9497462    42166.3418655    42157.3863528
     27000.0000000     1435.7534936        1.0029577        1.0028836     1435.8595433    42166.4299955    42153.7668427
     29700.0000000     1435.8219274        1.0029099        1.0028358     1435.9279872    42167.0685972    42155.8077788
     32400.0000000     1435.7568083        1.0029554        1.0028813     1435.8628585    42163.5335167    42156.7931111
     35100.0000000     1435.7982685        1.0029264        1.0028523     1435.9043248    42165.0090116    42156.9410015
     37800.0000000     1435.7686988        1.0029471        1.0028730     1435.8747508    42166.2256770    42154.5665277
     40500.0000000     1435.6693008        1.0030165        1.0029424     1435.7753381    42163.4315470    42153.4686500
     43200.0000000     1435.7824498        1.0029375        1.0028634     1435.8885039    42162.2406422    42159.0899896


 1 90022U RELEAS14 00051.59174492 +.00000136  00000 0  00000 0 4 0733                                                                                                                                                                                                                                                                                                                                                                                                                                                           
 2 90022   4.5701  71.6069 0014162  60.8451 299.2453  0.9654587100306                                                                                                                                                                                                                                                                                                                                                                                                                                                           

         0.0000000     1491.4144332        0.9655264        0.9654591     1491.5183192    43303.9305259    43181.4499301
      2700.0000000     1491.5645813        0.9654292        0.9653619     1491.6684882    43308.2515220    43182.9338487
      5400.0000000     1491.4334985        0.9655141        0.9654468     1491.5373872    43309.7412662    43176.3762884
      8100.0000000     1491.5112058        0.9654637        0.9653965     1491.6151053    43309.6304668    43179.4913633
     10800.0000000     1491.4674340        0.9654921        0.9654248     1491.5713274    43308.7036993    43178.7258558
     13500.0000000     1491.5056319        0.9654674        0.9654001     1491.6095307    43310.9441187    43177.9622188
     16200.0000000     1491.4599331        0.9654969        0.9654297     1491.5638255    43308.7318986    43178.4076627
     18900.0000000     1491.5675467        0.9654273        0.9653600     1491.6714541    43309.9253043    43181.3747122
     21600.0000000     1491.4264839        0.9655186        0.9654513     1491.5303716    43310.5393628    43175.3069943
     24300.0000000     1491.5557517        0.9654349        0.9653677     1491.6596575    43310.5996442    43180.2443709
     27000.0000000     1491.4137558        0.9655268        0.9654596     1491.5176417    43303.5815817    43181.7726826
     29700.0000000     1491.5097997        0.9654647        0.9653974     1491.6136990    43308.2770954    43180.7903716
     32400.0000000     1491.4866040        0.9654797        0.9654124     1491.5905001    43306.7821117    43181.3885823
     35100.0000000     1491.4830269        0.9654820        0.9654147     1491.5869225    43305.9946263    43182.0377742
     37800.0000000     1491.5251889        0.9654547        0.9653874     1491.6290903    43309.4196757    43180.2427531
     40500.0000000     1491.4822803        0.9654825        0.9654152     1491.5861758    43305.9029167    43182.1006187
     43200.0000000     1491.4890824        0.9654781        0.9654108     1491.5929788    43305.6477183    43182.6187929


 1 90023U RELEAS14 00051.45013393 +.00000064  00000 0  00000 0 4 0221                                                                                                                                                                                                                                                                                                                                                                                                                                                           
 2 90023  54.9132 182.6983 0017768 176.8444 183.1487  2.0055852401395                                                                                                                                                                                                                                                                                                                                                                                                                                                           

         0.0000000      717.9819612        2.0056214        2.0055861      717.9945902    26607.9895346    26513.6030888
      2700.0000000      717.9643428        2.0056706        2.0055855      717.9948260    26608.0940114    26513.5102420
      5400.0000000      717.9802335        2.0056262        2.0055848      717.9950616    26608.1923917    26513.4234858
      8100.0000000      717.9692110        2.0056570        2.0055842      717.9952971    26608.3396535    26513.2878400
     10800.0000000      717.9760761        2.0056379        2.0055835      717.9955324    26608.5529133    26513.0861870
     13500.0000000      717.9729809        2.0056465        2.0055829      717.9957676    26608.7923602    26512.8583386
     16200.0000000      717.9758246        2.0056386        2.0055822      717.9960026    26609.0004011    26512.6618907
     18900.0000000      717.9715646        2.0056505        2.0055815      717.9962376    26609.1507275    26512.5231531
     21600.0000000      717.9788326        2.0056302        2.0055809      717.9964724    26609.2696710    26512.4157915
     24300.0000000      717.9710221        2.0056520        2.0055802      717.9967070    26609.3975367    26512.2994972
     27000.0000000      717.9787683        2.0056303        2.0055796      717.9969414    26609.5106824    26512.1979117
     29700.0000000      717.9737627        2.0056443        2.0055789      717.9971756    26609.5382922    26512.1818548
     32400.0000000      717.9756484        2.0056391        2.0055783      717.9974097    26609.4865581    26512.2451371
     35100.0000000      717.9778961        2.0056328        2.0055776      717.9976437    26609.4628154    26512.2804208
     37800.0000000      717.9731507        2.0056460        2.0055770      717.9978775    26609.5357561    26512.2190099
     40500.0000000      717.9802312        2.0056263        2.0055763      717.9981110    26609.6492047    26512.1170808
     43200.0000000      717.9731353        2.0056461        2.0055757      717.9983444    26609.7456645    26512.0321322


 1 90024U RELEAS14 00051.03935584 +.00001327  00000 0  00000 0 4 0882                                                                                                                                                                                                                                                                                                                                                                                                                                                           
 2 90024  64.7717 195.4038 6033327 269.3020  18.6110  2.0061535803847                                                                                                                                                                                                                                                                                                                                                                                                                                                           

         0.0000000      717.8048473        2.0061163        2.0061545      717.7911835    42577.7498948    10533.8094151
      2700.0000000      717.7930502        2.0061493        2.0061869      717.7795834    42576.2554860    10534.7316064
      5400.0000000      717.7643850        2.0062294        2.0062193      717.7679954    42575.1040282    10535.3114393
      8100.0000000      717.7567923        2.0062506        2.0062516      717.7564213    42574.1889345    10535.6555906
     10800.0000000      717.7577285        2.0062480        2.0062840      717.7448631    42573.3486402    10535.9257231
     13500.0000000      717.7447282        2.0062843        2.0063162      717.7333229    42572.5047034    10536.2003820
     16200.0000000      717.7225828        2.0063462        2.0063484      717.7218028    42571.6411173    10536.4956770
     18900.0000000      717.7087812        2.0063848        2.0063806      717.7103047    42570.7613060    10536.8082843
     21600.0000000      717.7122431        2.0063751        2.0064126      717.6988307    42569.8938435    10537.1097260
     24300.0000000      717.7034487        2.0063997        2.0064446      717.6873827    42569.1496628    10537.2891655
     27000.0000000      717.6756833        2.0064773        2.0064766      717.6759628    42568.7011776    10537.1742925
     29700.0000000      717.6609742        2.0065185        2.0065084      717.6645733    42568.5479626    10536.7656467
     32400.0000000      717.6622217        2.0065150        2.0065402      717.6532167    42568.3203130    10536.4330553
     35100.0000000      717.6553684        2.0065341        2.0065718      717.6418955    42567.5467053    10536.6481679
     37800.0000000      717.6365926        2.0065866        2.0066034      717.6306124    42566.1921425    10537.4461080
     40500.0000000      717.6126152        2.0066537        2.0066348      717.6193698    42564.7268530    10538.3567730
     43200.0000000      717.6155891        2.0066454        2.0066661      717.6081704    42563.5711657    10538.9599613


 1 90025U RELEAS14 00051.03935584 +.00001327  00000 0  00000 0 4 0882                                                                                                                                                                                                                                                                                                                                                                                                                                                           
 2 90025  64.7717 195.4038 6833327 269.3020  18.6110  2.0061535803847                                                                                                                                                                                                                                                                                                                                                                                                                                                           

         0.0000000      717.8090889        2.0061044        2.0061545      717.7911835    44702.2122672     8409.3470427
      2700.0000000      717.7906700        2.0061559        2.0061988      717.7753263    44700.4397015     8410.3373901
      5400.0000000      717.7583911        2.0062461        2.0062431      717.7594718    44699.0082340     8410.9867668
      8100.0000000      717.7461484        2.0062804        2.0062874      717.7436230    44697.8503658     8411.3628203
     10800.0000000      717.7438689        2.0062867        2.0063317      717.7277830    44696.8037372     8411.6280654
     13500.0000000      717.7262135        2.0063361        2.0063759      717.7119552    44695.7634776     8411.8875326
     16200.0000000      717.6990501        2.0064120        2.0064201      717.6961427    44694.6937858     8412.1771835
     18900.0000000      717.6811362        2.0064621        2.0064643      717.6803488    44693.6078983     8412.4839400
     21600.0000000      717.6802602        2.0064645        2.0065084      717.6645766    44692.5724273     8412.7413457
     24300.0000000      717.6682900        2.0064980        2.0065524      717.6488293    44691.7256938     8412.8112369
     27000.0000000      717.6347221        2.0065919        2.0065964      717.6331102    44691.2089953     8412.5524810
     29700.0000000      717.6162131        2.0066436        2.0066402      717.6174230    44690.9506481     8412.0369382
     32400.0000000      717.6129197        2.0066528        2.0066840      717.6017714    44690.5502200     8411.6652261
     35100.0000000      717.6038482        2.0066782        2.0067277      717.5861592    44689.5730038     8411.8722454
     37800.0000000      717.5783901        2.0067494        2.0067712      717.5705907    44688.0251139     8412.6520835
     40500.0000000      717.5509736        2.0068261        2.0068146      717.5550700    44686.3773444     8413.5341552
     43200.0000000      717.5483153        2.0068335        2.0068579      717.5396015    44685.0435616     8414.1048087


 1 90026U RELEAS14 00051.03935584 +.00001327  00000 0  00000 0 4 0882                                                                                                                                                                                                                                                                                                                                                                                                                                                           
 2 90026  64.7717 195.4038 7233327 269.3020  18.6110  2.0061535803847                                                                                                                                                                                                                                                                                                                                                                                                                                                           

         0.0000000      717.8121758        2.0060958        2.0061545      717.7911835    45764.4434534     7347.1158565
      2700.0000000      717.7893398        2.0061596        2.0062080      717.7720381    45762.4953162     7348.1195709
      5400.0000000      717.7541939        2.0062579        2.0062615      717.7528835    45760.8844385     7348.7855669
      8100.0000000      717.7384765        2.0063018        2.0063151      717.7337240    45759.5616258     7349.1632427
     10800.0000000      717.7332606        2.0063164        2.0063686      717.7145636    45758.3649866     7349.4146962
     13500.0000000      717.7121224        2.0063755        2.0064222      717.6954066    45757.1784755     7349.6561822
     16200.0000000      717.6813250        2.0064616        2.0064757      717.6762574    45755.9591370     7349.9308652
     18900.0000000      717.6601901        2.0065207        2.0065292      717.6571199    45754.7279036     7350.2180192
     21600.0000000      717.6558583        2.0065328        2.0065827      717.6379985    45753.5716596     7350.4309638
     24300.0000000      717.6408930        2.0065746        2.0066361      717.6188972    45752.6399824     7350.4203269
     27000.0000000      717.6035294        2.0066791        2.0066895      717.5998203    45752.0524338     7350.0667593
     29700.0000000      717.5818912        2.0067396        2.0067427      717.5807724    45751.6963798     7349.4831188
     32400.0000000      717.5750363        2.0067588        2.0067959      717.5617583    45751.1578825     7349.0835775
     35100.0000000      717.5636454        2.0067906        2.0068490      717.5427829    45750.0308330     7349.2744906
     37800.0000000      717.5336377        2.0068746        2.0069019      717.5238515    45748.3533976     7350.0179524
     40500.0000000      717.5033224        2.0069593        2.0069547      717.5049696    45746.5992353     7350.8405780
     43200.0000000      717.4966883        2.0069779        2.0070074      717.4861431    45745.1696064     7351.3413904


 1 90027U RELEAS14 00051.03935584 +.00000209  00000 0  99999-4 4 1844                                                                                                                                                                                                                                                                                                                                                                                                                                                           
 2 90027  64.3871 233.3669 6991935 271.4388  16.5332  1.9699794003847                                                                                                                                                                                                                                                                                                                                                                                                                                                           

         0.0000000      730.9862930        1.9699412        1.9699803      730.9717820    45674.1235952     8085.6437241
      2700.0000000      730.9802346        1.9699575        1.9699847      730.9701563    45672.3480005     8087.3396133
      5400.0000000      730.9584064        1.9700163        1.9700090      730.9611200    45669.1988577     8090.0457004
      8100.0000000      730.9564276        1.9700217        1.9700482      730.9465924    45665.6660312     8092.8662270
     10800.0000000      730.9428771        1.9700582        1.9700945      730.9294153    45662.5645060     8095.1255372
     13500.0000000      730.9113162        1.9701433        1.9701396      730.9126730    45660.3214737     8096.5476696
     16200.0000000      730.9053529        1.9701593        1.9701761      730.8991285    45658.9727211     8097.2323114
     18900.0000000      730.9035672        1.9701641        1.9701983      730.8908813    45658.1620699     8097.6385838
     21600.0000000      730.8908561        1.9701984        1.9702029      730.8892044    45657.2117738     8098.5066599
     24300.0000000      730.8930649        1.9701925        1.9701887      730.8944487    45655.4856467     8100.4899231
     27000.0000000      730.9177106        1.9701260        1.9701577      730.9059435    45653.0163311     8103.5228515
     29700.0000000      730.9276208        1.9700993        1.9701146      730.9219391    45650.7190195     8106.6044553
     32400.0000000      730.9361428        1.9700763        1.9700667      730.9397193    45649.5977117     8108.5975522
     35100.0000000      730.9706721        1.9699833        1.9700228      730.9559960    45649.6124972     8109.3808294
     37800.0000000      730.9749732        1.9699717        1.9699916      730.9675743    45649.5301197     8110.0308962
     40500.0000000      730.9706584        1.9699833        1.9699794      730.9721220    45648.0436702     8111.7403232
     43200.0000000      730.9754996        1.9699703        1.9699884      730.9687728    45644.8998524     8114.7199287


 1 90028U RELEAS14 00051.15714066 -.00000031  00000 0 -13568-4 4 0377                                                                                                                                                                                                                                                                                                                                                                                                                                                           
 2 90028  72.5158 115.6069 0011430 124.7615 235.4297 12.4439648802428                                                                                                                                                                                                                                                                                                                                                                                                                                                           

         0.0000000      115.7526696       12.4403178       12.4439705      115.7186931     7875.1488607     7857.1668239
      2700.0000000      115.7526401       12.4403210       12.4439705      115.7186931     7875.3220147     7856.9936702
      5400.0000000      115.7526581       12.4403191       12.4439705      115.7186931     7875.4901736     7856.8255116
      8100.0000000      115.7526583       12.4403191       12.4439705      115.7186931     7875.6510711     7856.6646144
     10800.0000000      115.7526343       12.4403216       12.4439705      115.7186931     7875.8073800     7856.5083057
     13500.0000000      115.7526795       12.4403168       12.4439705      115.7186931     7875.9617018     7856.3539842
     16200.0000000      115.7526365       12.4403214       12.4439705      115.7186931     7876.1132675     7856.2024187
     18900.0000000      115.7526570       12.4403192       12.4439705      115.7186931     7876.2590814     7856.0566052
     21600.0000000      115.7526533       12.4403196       12.4439705      115.7186931     7876.3980501     7855.9176367
     24300.0000000      115.7526545       12.4403195       12.4439705      115.7186931     7876.5331544     7855.7825327
     27000.0000000      115.7526471       12.4403202       12.4439705      115.7186931     7876.6667784     7855.6489089
     29700.0000000      115.7526714       12.4403176       12.4439705      115.7186931     7876.7957214     7855.5199662
     32400.0000000      115.7526240       12.4403227       12.4439705      115.7186931     7876.9165814     7855.3991066
     35100.0000000      115.7526772       12.4403170       12.4439705      115.7186931     7877.0325177     7855.2831705
     37800.0000000      115.7526419       12.4403208       12.4439705      115.7186931     7877.1472548     7855.1684337
     40500.0000000      115.7526592       12.4403189       12.4439705      115.7186931     7877.2575487     7855.0581402
     43200.0000000      115.7526509       12.4403198       12.4439705      115.7186931     7877.3595597     7854.9561294


 1 90029U RELEAS14 00051.38558242 +.00000961  00000 0  44365-3 4 5319                                                                                                                                                                                                                                                                                                                                                                                                                                                           
 2 90029  98.7064 100.2836 0014146 119.4841 240.7749 14.2193618701011                                                                                                                                                                                                                                                                                                                                                                                                                                                           

         0.0000000      101.3275020       14.2113441       14.2193683      101.2703218     7207.1299960     7186.7683873
      2700.0000000      101.3274932       14.2113454       14.2193685      101.2703199     7207.4884453     7186.4097576
      5400.0000000      101.3274878       14.2113461       14.2193688      101.2703180     7207.8234719     7186.0745483
      8100.0000000      101.3274837       14.2113467       14.2193691      101.2703160     7208.1356569     7185.7621780
     10800.0000000      101.3275008       14.2113443       14.2193694      101.2703140     7208.4261073     7185.4715398
     13500.0000000      101.3274909       14.2113457       14.2193696      101.2703120     7208.6945261     7185.2029304
     16200.0000000      101.3274653       14.2113493       14.2193699      101.2703100     7208.9391028     7184.9581601
     18900.0000000      101.3274834       14.2113467       14.2193702      101.2703079     7209.1574729     7184.7395933
     21600.0000000      101.3274869       14.2113462       14.2193705      101.2703058     7209.3483840     7184.5484825
     24300.0000000      101.3274733       14.2113481       14.2193708      101.2703037     7209.5129241     7184.3837393
     27000.0000000      101.3274723       14.2113483       14.2193711      101.2703015     7209.6531051     7184.2433522
     29700.0000000      101.3274703       14.2113486       14.2193714      101.2702993     7209.7685360     7184.1277117
     32400.0000000      101.3274885       14.2113460       14.2193717      101.2702970     7209.8561290     7184.0399060
     35100.0000000      101.3274610       14.2113499       14.2193721      101.2702947     7209.9140562     7183.9817630
     37800.0000000      101.3274495       14.2113515       14.2193724      101.2702924     7209.9441159     7183.9514845
     40500.0000000      101.3274750       14.2113479       14.2193727      101.2702901     7209.9485783     7183.9468007
     43200.0000000      101.3274600       14.2113500       14.2193730      101.2702877     7209.9266302     7183.9685250


 1 90030U RELEAS14 00051.38558242 +.01672663  94000-5  22520-2 4 0035                                                                                                                                                                                                                                                                                                                                                                                                                                                           
 2 90030  28.5475 124.9280 0081002 156.8669 205.7976 16.0204499601011                                                                                                                                                                                                                                                                                                                                                                                                                                                           

         0.0000000       89.6929530       16.0547730       16.0204572       89.8850754     6700.7343740     6593.0520452
      2700.0000000       89.6559900       16.0613920       16.0270771       89.8479487     6696.6623081     6593.4632228
      5400.0000000       89.6185499       16.0681020       16.0337861       89.8103539     6692.5800745     6593.8379036
      8100.0000000       89.5804345       16.0749388       16.0406221       89.7720792     6688.6832854     6593.9595580
     10800.0000000       89.5414771       16.0819326       16.0476161       89.7329544     6685.1454177     6593.6378835
     13500.0000000       89.5011182       16.0891845       16.0548665       89.6924306     6682.0351804     6592.7499787
     16200.0000000       89.4587362       16.0968069       16.0624872       89.6498767     6679.3142608     6591.2718235
     18900.0000000       89.4137045       16.1049138       16.0705972       89.6046353     6676.8393380     6589.2817379
     21600.0000000       89.3654811       16.1136043       16.0792895       89.5561957     6674.4056174     6586.9339815
     24300.0000000       89.3137936       16.1229295       16.0886092       89.5043182     6671.7960417     6584.4217783
     27000.0000000       89.2587435       16.1328733       16.0985562       89.4490154     6668.8209016     6581.9358679
     29700.0000000       89.2002431       16.1434538       16.1091374       89.3902612     6665.3173181     6579.6363478
     32400.0000000       89.1381827       16.1546933       16.1203740       89.3279523     6661.1607792     6577.6372901
     35100.0000000       89.0721860       16.1666629       16.1323465       89.2616583     6656.2568272     6575.9903920
     37800.0000000       89.0016982       16.1794666       16.1451476       89.1908847     6650.5691036     6574.6828218
     40500.0000000       88.9262184       16.1931996       16.1588836       89.1150672     6644.1331713     6573.6228625
     43200.0000000       88.8451520       16.2079750       16.1736544       89.0336817     6637.0678155     6572.6394699


 1 90031U RELEAS14 00051.38558242 +.00168784  00000 0  70845-3 4 0046                                                                                                                                                                                                                                                                                                                                                                                                                                                           
 2 90031  63.9976   6.4832 7509563 239.3244 315.9903  2.0525984300303                                                                                                                                                                                                                                                                                                                                                                                                                                                           

         0.0000000      701.5598914        2.0525689        2.0525994      701.5494757    45793.9198984     6513.4048457
      2700.0000000      701.4576669        2.0528680        2.0528589      701.4607931    45793.0333182     6509.8832327
      5400.0000000      701.3726796        2.0531168        2.0531287      701.3685834    45792.7845552     6505.5482828
      8100.0000000      701.2810177        2.0533851        2.0534192      701.2693585    45791.0614144     6502.3387629
     10800.0000000      701.1731929        2.0537009        2.0537265      701.1644376    45787.1117305     6501.0723737
     13500.0000000      701.0664401        2.0540136        2.0540337      701.0595665    45781.3959822     6501.5742675
     16200.0000000      700.9677494        2.0543028        2.0543336      700.9572256    45775.0063041     6502.8756309
     18900.0000000      700.8601293        2.0546182        2.0546429      700.8517096    45769.2616893     6503.3738122
     21600.0000000      700.7239212        2.0550176        2.0550033      700.7288098    45765.1342167     6501.3901641
     24300.0000000      700.5649207        2.0554840        2.0554846      700.5647202    45761.9086930     6496.4558678
     27000.0000000      700.3357565        2.0561566        2.0562059      700.3189860    45755.7353195     6490.4082267
     29700.0000000      699.9654860        2.0572443        2.0572824      699.9525168    45741.5418591     6486.3735421
     32400.0000000      699.5217387        2.0585493        2.0585694      699.5149311    45720.3251197     6485.8206414
     35100.0000000      699.1222737        2.0597255        2.0597588      699.1109798    45699.1193059     6486.9260793
     37800.0000000      698.7459774        2.0608348        2.0608530      698.7397978    45681.1789059     6486.3932719
     40500.0000000      698.2795922        2.0622112        2.0621954      698.2849394    45662.2009114     6482.7291376
     43200.0000000      697.4838335        2.0645640        2.0645749      697.4801312    45627.6534109     6477.2025183


 1 90032U RELEAS14 00051.38558242 +.00332394  00000 0  96401-4 4 0062                                                                                                                                                                                                                                                                                                                                                                                                                                                           
 2 90032  63.8221 352.9474 7190794 239.0801 307.3271  2.4861841700210                                                                                                                                                                                                                                                                                                                                                                                                                                                           

         0.0000000      579.2045333        2.4861684        2.4861853      579.2005958    39567.8311820     6465.9136026
      2700.0000000      578.2043681        2.4904689        2.4904758      578.2027650    39518.3038816     6462.5552701
      5400.0000000      576.3292152        2.4985719        2.4986095      576.3205538    39421.7452594     6459.2726634
      8100.0000000      573.2350817        2.5120584        2.5120717      573.2320385    39259.6958015     6457.2570671
     10800.0000000      569.3560242        2.5291732        2.5291920      569.3517939    39053.6867857     6456.7252958
     13500.0000000      565.4876868        2.5464745        2.5464818      565.4860754    38847.0192106     6457.1581871
     16200.0000000      561.9858948        2.5623419        2.5623675      561.9802683    38659.1381911     6457.5989612
     18900.0000000      558.4522673        2.5785552        2.5785817      558.4465247    38470.4921762     6456.9162264
     21600.0000000      553.6808916        2.6007760        2.6007842      553.6791451    38216.9575824     6454.3929771
     24300.0000000      545.0080591        2.6421628        2.6421563      545.0093909    37753.2756079     6450.5268427
     27000.0000000      528.5083619        2.7246494        2.7246524      528.5077808    36859.8412558     6447.1384057
     29700.0000000      503.9511562        2.8574198        2.8574380      503.9479338    35509.2216997     6445.4910177
     32400.0000000      477.8798915        3.0133095        3.0133211      477.8780535    34049.2681898     6445.7591396
     35100.0000000      454.7220972        3.1667693        3.1667835      454.7200637    32729.8314760     6446.1347919
     37800.0000000      431.1524569        3.3398859        3.3399003      431.1505905    31365.2304155     6445.0265752
     40500.0000000      401.8488073        3.5834373        3.5834498      401.8474089    29634.0382882     6443.0174403
     43200.0000000      362.6617030        3.9706426        3.9706583      362.6602684    27250.8670153     6440.8872763


 1 90033U RELEAS14 00051.92409179 +.00000011  00000 0  00000 0 4 0041                                                                                                                                                                                                                                                                                                                                                                                                                                                           
 2 90033  52.6683  23.9378 0137366 276.7208  81.7737  6.4729361700921                                                                                                                                                                                                                                                                                                                                                                                                                                                           

         0.0000000      222.4231897        6.4741451        6.4729391      222.4646304    12328.9498160    11994.8238665
      2700.0000000      222.4229562        6.4741519        6.4729391      222.4646304    12328.9342459    11994.8394366
      5400.0000000      222.4229193        6.4741530        6.4729391      222.4646304    12328.9284099    11994.8452726
      8100.0000000      222.4230422        6.4741494        6.4729391      222.4646304    12328.9375190    11994.8361635
     10800.0000000      222.4230787        6.4741483        6.4729391      222.4646304    12328.9565980    11994.8170845
     13500.0000000      222.4231068        6.4741475        6.4729391      222.4646304    12328.9752416    11994.7984409
     16200.0000000      222.4232467        6.4741434        6.4729391      222.4646304    12328.9849741    11994.7887084
     18900.0000000      222.4232392        6.4741436        6.4729391      222.4646304    12328.9856648    11994.7880177
     21600.0000000      222.4229651        6.4741516        6.4729391      222.4646304    12328.9868959    11994.7867866
     24300.0000000      222.4228182        6.4741559        6.4729391      222.4646304    12328.9999405    11994.7737420
     27000.0000000      222.4229927        6.4741508        6.4729391      222.4646304    12329.0266390    11994.7470435
     29700.0000000      222.4231268        6.4741469        6.4729391      222.4646304    12329.0593324    11994.7143501
     32400.0000000      222.4230964        6.4741478        6.4729391      222.4646304    12329.0891809    11994.6845016
     35100.0000000      222.4231947        6.4741449        6.4729391      222.4646304    12329.1088837    11994.6647988
     37800.0000000      222.4233354        6.4741408        6.4729391      222.4646304    12329.1138487    11994.6598338
     40500.0000000      222.4231524        6.4741462        6.4729391      222.4646304    12329.1101457    11994.6635368
     43200.0000000      222.4228736        6.4741543        6.4729391      222.4646304    12329.1142952    11994.6593873


 1 90034U RELEAS14 00051.38558242 +.00711372  97635-5  13083-2 4 0021                                                                                                                                                                                                                                                                                                                                                                                                                                                           
 2 90034  62.8218  97.3466 0233042 119.4400 242.9881 17.6709972501011                                                                                                                                                                                                                                                                                                                                                                                                                                                           

         0.0000000       81.4866183       17.6716132       17.6710052       81.4894220     6371.3660687     6081.1696849
Warning: Decay condition. Distance from the Geoid (Km) =    -79.929

