HQ SpOC Sgp4Prop - Version: v9.4 - Build: May 03 2024 - Platform: Linux 64-bit - Compiler: OneAPI ifort                        


EPHEMERIS GENERATED BY SGP4 USING THE WGS-72 EARTH MODEL
COORDINATE FRAME=TRUE EQUATOR AND MEAN EQUINOX OF EPOCH
USING THE FK5 MEAN OF J2000 TIME AND REFERENCE FRAME

INPUT FILE = input/rel14_type4.inp
Start Time =         0.0000 min from epoch
Stop Time  =     43200.0000 min from epoch
Step size  =      2700.0000 min


     TSINCE (MIN)           X (KM)           Y (KM)           Z (KM)      XDOT (KM/S)       YDOT(KM/S)    ZDOT (KM/SEC)


 1 90021U RELEAS14 00051.47568104 +.00000184  00000 0  00000 0 4 0814                                                                                                                                                                                                                                                                                                                                                                                                                                                           
 2 90021   0.0222 182.4923 0000720  45.6036 131.8822  1.0027132801199                                                                                                                                                                                                                                                                                                                                                                                                                                                           

         0.0000000    42165.3185227      -11.5960345        0.7149139        0.0010104        3.0746010       -0.0011902
      2700.0000000    30777.5809019   -28820.2676005       12.8066023        2.1015740        2.2442222       -0.0009759
      5400.0000000     2786.7013044   -42071.3908184       18.7555472        3.0679331        0.2028904       -0.0001279
      8100.0000000   -26702.7887096   -32624.9526119       15.4425850        2.3793648       -1.9478444        0.0007180
     10800.0000000   -41785.7910622    -5585.1103508        7.5321089        0.4072804       -3.0479954        0.0012500
     13500.0000000   -34332.9853102    24462.1786344       -3.3105768       -1.7843838       -2.5045467        0.0014815
     16200.0000000    -8370.7737437    41319.2447610      -17.4877235       -3.0136903       -0.6109841        0.0011828
     18900.0000000    22099.2789459    35908.2904248      -27.7770112       -2.6185909        1.6111771        0.0000168
     21600.0000000    40662.6062744    11155.9471711      -22.2441571       -0.8134498        2.9649695       -0.0015332
     24300.0000000    37331.3695239   -19601.6740963       -1.4435513        1.4293761        2.7220738       -0.0023019
     27000.0000000    13905.1441191   -39802.1819799       19.6078736        2.9028275        1.0136769       -0.0017914
     29700.0000000   -17004.3581511   -38574.0800704       30.5437107        2.8137838       -1.2406896       -0.0005444
     32400.0000000   -38755.8026052   -16584.7292434       31.2397838        1.2098667       -2.8271631        0.0009830
     35100.0000000   -39647.3409277    14324.7209087       17.5388874       -1.0448297       -2.8922149        0.0024931
     37800.0000000   -19210.7859557    37527.1306051      -11.6409534       -2.7369399       -1.4015628        0.0029458
     40500.0000000    11552.5916209    40547.7664161      -38.7784843       -2.9570170        0.8423383        0.0015835
     43200.0000000    36104.9282975    21770.1888987      -43.4775470       -1.5877616        2.6331353       -0.0007983


 1 90022U RELEAS14 00051.59174492 +.00000136  00000 0  00000 0 4 0733                                                                                                                                                                                                                                                                                                                                                                                                                                                           
 2 90022   4.5701  71.6069 0014162  60.8451 299.2453  0.9654587100306                                                                                                                                                                                                                                                                                                                                                                                                                                                           

         0.0000000    13671.2870434    40991.6409358       -3.0849113       -2.8742248        0.9546522        0.2420904
      2700.0000000    43089.3450886     2482.1347473    -3205.6287639       -0.1713762        3.0274185        0.0893896
      5400.0000000    18275.4065962   -39189.4135753    -2377.2611162        2.7393137        1.2868995       -0.1752759
      8100.0000000   -29492.3311482   -31604.0580460     1437.1992816        2.2053770       -2.0742202       -0.2199609
     10800.0000000   -40054.4826598    15773.7068774     3443.1683987       -1.1151111       -2.8281708        0.0128917
     13500.0000000       37.7497157    43178.0395207     1094.6855419       -3.0309599       -0.0061878        0.2303053
     16200.0000000    40116.0985758    15984.1931361    -2646.5807627       -1.1168346        2.8172501        0.1565622
     18900.0000000    29676.6312277   -31393.5928590    -3056.3711014        2.1956887        2.0872011       -0.1141562
     21600.0000000   -18058.9006753   -39320.6338365      376.5661920        2.7458180       -1.2680850       -0.2412351
     24300.0000000   -43009.0540343     2254.4740490     3331.1603125       -0.1672078       -3.0341126       -0.0644127
     27000.0000000   -13588.1987721    40939.2293637     2078.5948285       -2.8759047       -0.9662319        0.1943432
     29700.0000000    33040.0265065    27841.5324231    -1805.1432972       -1.9485731        2.3189282        0.2077924
     32400.0000000    38044.3230797   -20394.4837679    -3425.0777223        1.4282600        2.6742038       -0.0404305
     35100.0000000    -4782.1720529   -43014.4450459     -737.4091380        3.0053320       -0.3331734       -0.2380683
     37800.0000000   -41554.9356030   -11514.3041351     2880.5061287        0.7976469       -2.9282318       -0.1359557
     40500.0000000   -25825.1902996    34488.8585570     2857.1462114       -2.4254967       -1.8281742        0.1385029
     43200.0000000    22589.9504747    36840.6950268     -780.0425808       -2.5814492        1.5831492        0.2379035


 1 90023U RELEAS14 00051.45013393 +.00000064  00000 0  00000 0 4 0221                                                                                                                                                                                                                                                                                                                                                                                                                                                           
 2 90023  54.9132 182.6983 0017768 176.8444 183.1487  2.0055852401395                                                                                                                                                                                                                                                                                                                                                                                                                                                           

         0.0000000   -26578.8356324    -1247.7842087       -6.8132530        0.1038006       -2.2204032        3.1644625
      2700.0000000    -2549.1265789    15132.0549619   -21686.2232221       -3.8530060       -0.3281839        0.2155077
      5400.0000000    26162.7519822     3194.1320269    -2884.4563524       -0.6126500        2.1857279       -3.1476834
      8100.0000000     5805.5112961   -14732.5995352    21309.6924587        3.7777351        0.6008570       -0.6221313
     10800.0000000   -25489.5551934    -5074.0347384     5695.2462894        1.1028384       -2.1008700        3.0539526
     13500.0000000    -9335.4686186    14057.5812990   -20534.0344889       -3.6245820       -0.8775142        1.0386618
     16200.0000000    24166.0695490     6898.3364900    -8461.0057271       -1.5898581        1.9933939       -2.9249959
     18900.0000000    12345.7458491   -13190.9762454    19437.5797634        3.4271183        1.1280104       -1.4196168
     21600.0000000   -22654.1220338    -8565.0263183    11004.0078111        2.0274796       -1.8434589        2.7298956
     24300.0000000   -15475.1825506    12060.1504545   -17946.8170766       -3.1480673       -1.3673159        1.7872121
     27000.0000000    20506.3768316    10135.3729754   -13426.5242389       -2.4545403        1.6702868       -2.4969392
     29700.0000000    18021.7360383   -10791.0501928    16200.7958640        2.8408759        1.5801921       -2.1159777
     32400.0000000   -18271.5877216   -11492.5972620    15533.9125992        2.8131087       -1.4670816        2.2144742
     35100.0000000   -20558.8705287     9281.1567452   -14095.5391058       -2.4560849       -1.7674642        2.4100320
     37800.0000000    15424.1050947    12707.1867785   -17453.6642501       -3.1506561        1.2376268       -1.8920322
     40500.0000000    22464.0234737    -7678.4905660    11818.8033680        2.0571080        1.9286507       -2.6651659
     43200.0000000   -12641.9941995   -13663.1718229    18978.6923201        3.4067961       -0.9945598        1.5444553


 1 90024U RELEAS14 00051.03935584 +.00001327  00000 0  00000 0 4 0882                                                                                                                                                                                                                                                                                                                                                                                                                                                           
 2 90024  64.7717 195.4038 6033327 269.3020  18.6110  2.0061535803847                                                                                                                                                                                                                                                                                                                                                                                                                                                           

         0.0000000   -13947.8930223    -2058.3438946    -3645.6368124       -3.5979349       -3.0382692        4.1906758
      2700.0000000    22189.0388977    -3404.2095698    19382.4415212        0.1771499        1.5486635       -3.0724415
      5400.0000000    10019.7774800   -15614.0158480    37553.4625960        1.7420057        0.7748414       -0.6222817
      8100.0000000    -8960.5319253   -18647.7320336    33319.9099994        1.7556388       -0.2483493        1.4736880
     10800.0000000   -18347.6314364    -7252.7950783     4897.5189165       -1.0746504       -2.3305227        4.1979127
     13500.0000000    21721.1675803     -445.1780430    12647.1306076       -0.6632384        1.6233221       -3.6914710
     16200.0000000    13200.6040670   -14031.6909732    35895.0892287        1.6199971        0.9265583       -1.0368458
     18900.0000000    -5555.8606669   -18862.4779061    35843.3851812        1.8439058       -0.0317038        1.0428480
     21600.0000000   -19222.4007276   -11142.8897508    12838.1381035        0.1854030       -1.7107638        3.6187274
     24300.0000000    18991.0453100     2630.2459915     4481.8903465       -2.1512521        1.5422241       -4.2981351
     27000.0000000    16157.3740339   -12127.0170940    33333.8827369        1.4426434        1.0799740       -1.4810513
     29700.0000000    -1961.7748712   -18693.8626515    37545.2836873        1.8867687        0.1657824        0.6224440
     32400.0000000   -18207.1356495   -13996.7285805    19667.7392824        0.8836073       -1.2401541        3.0059002
     35100.0000000    11822.8002487     5105.1409502    -4608.2144510       -5.0633925        0.7694087       -4.1289497
     37800.0000000    18761.3493135    -9887.7424775    29745.7104676        1.1857065        1.2375317       -1.9679094
     40500.0000000     1768.5211294   -18154.2664222    38406.4072605        1.8901811        0.3510840        0.2033729
     43200.0000000   -16051.5480969   -16041.4387259    25381.4537730        1.3069682       -0.8701708        2.4365936


 1 90025U RELEAS14 00051.03935584 +.00001327  00000 0  00000 0 4 0882                                                                                                                                                                                                                                                                                                                                                                                                                                                           
 2 90025  64.7717 195.4038 6833327 269.3020  18.6110  2.0061535803847                                                                                                                                                                                                                                                                                                                                                                                                                                                           

         0.0000000   -13773.6268810    -3797.0064839       13.7651253       -2.8952520       -3.1226405        4.7603339
      2700.0000000    20585.9782582    -5564.8955949    22874.9673778        0.2870879        1.4774534       -2.8664087
      5400.0000000     9442.9368063   -16759.8591746    39562.8791705        1.5241232        0.6847045       -0.5652374
      8100.0000000    -7241.3392928   -19316.2428713    35713.2924198        1.5672268       -0.2398696        1.3435388
     10800.0000000   -16982.9007762    -8811.0646509     8999.8408113       -0.5937218       -2.1929124        4.1872949
     13500.0000000    20452.9886372    -2759.4743927    16518.0637119       -0.3750575        1.6156608       -3.5207797
     16200.0000000    12127.7075917   -15406.2626946    38049.5466947        1.4302673        0.8222729       -0.9441500
     18900.0000000    -4334.2312259   -19538.8745291    38019.0217084        1.6263165       -0.0520895        0.9463756
     21600.0000000   -17238.1281056   -12381.0850581    16766.3106449        0.3986450       -1.5698409        3.4409074
     24300.0000000    18490.2707518      400.2122262     8477.5901136       -1.6279619        1.6950252       -4.3186174
     27000.0000000    14675.4199875   -13748.7121401    35685.5167330        1.2945029        0.9670855       -1.3561423
     29700.0000000    -1265.8252476   -19437.9613987    39575.3636333        1.6536236        0.1206589        0.5585118
     32400.0000000   -16032.7258239   -14972.1633616    23269.2934748        0.9234298       -1.1330038        2.7892494
     35100.0000000    12353.2260966     3515.9212656    -1410.1362386       -4.6645850        1.2619360       -4.8314507
     37800.0000000    16987.4835214   -11758.1333124    32326.8981055        1.0964210        1.1239884       -1.8169067
     40500.0000000     1933.4325701   -19014.7638686    40349.4528274        1.6529054        0.2848825        0.1706177
     43200.0000000   -13957.4581688   -16836.1470528    28637.7417680        1.2357788       -0.8004634        2.2232756


 1 90026U RELEAS14 00051.03935584 +.00001327  00000 0  00000 0 4 0882                                                                                                                                                                                                                                                                                                                                                                                                                                                           
 2 90026  64.7717 195.4038 7233327 269.3020  18.6110  2.0061535803847                                                                                                                                                                                                                                                                                                                                                                                                                                                           

         0.0000000   -13454.5228675    -4674.4702738     1992.0104866       -2.4631004       -3.1062866        4.9709977
      2700.0000000    19628.1141305    -6666.6254088    24570.0456553        0.3179734        1.4344811       -2.7622984
      5400.0000000     9121.1984120   -17340.9453121    40563.1178810        1.4097213        0.6388850       -0.5395967
      8100.0000000    -6368.1471904   -19627.3631000    36887.4423885        1.4639451       -0.2417984        1.2841774
     10800.0000000   -16068.1378227    -9514.8857317    11066.5773020       -0.3815441       -2.1100089        4.1374095
     13500.0000000    19594.1466081    -3978.9917105    18415.6002228       -0.2559166        1.5969551       -3.4206546
     16200.0000000    11514.2762884   -16114.8665903    39114.1556141        1.3291190        0.7687178       -0.9024482
     18900.0000000    -3758.3362636   -19865.0293878    39095.9739682        1.5105780       -0.0684016        0.9023821
     21600.0000000   -16101.1723948   -12908.4466165    18700.9056190        0.4702227       -1.5023536        3.3369751
     24300.0000000    17963.0028740     -828.1090925    10478.4268757       -1.3722554        1.7476009       -4.2843876
     27000.0000000    13815.7914533   -14593.8958203    36832.5376458        1.2127677        0.9086295       -1.3004027
     29700.0000000     -994.6389984   -19810.3583772    40588.8731443        1.5317090        0.0922667        0.5283339
     32400.0000000   -14885.3462091   -15375.4432297    25041.8546949        0.9146396       -1.0875689        2.6775105
     35100.0000000    12407.8642528     2585.5483813      254.3428770       -4.3581795        1.5298144       -5.1524556
     37800.0000000    15941.1468697   -12739.2126110    33560.5558045        1.0420080        1.0646719       -1.7504092
     40500.0000000     1903.0614143   -19457.9767164    41321.9073613        1.5300955        0.2464401        0.1527847
     43200.0000000   -12921.2650117   -17165.1516657    30256.3050901        1.1782362       -0.7750580        2.1166141


 1 90027U RELEAS14 00051.03935584 +.00000209  00000 0  99999-4 4 1844                                                                                                                                                                                                                                                                                                                                                                                                                                                           
 2 90027  64.3871 233.3669 6991935 271.4388  16.5332  1.9699794003847                                                                                                                                                                                                                                                                                                                                                                                                                                                           

         0.0000000    -8063.5091863   -10861.5857893       30.6809599       -0.3387871       -4.4236447        4.9423596
      2700.0000000    21666.8290620     4232.9406028    30882.0374006       -0.1152358        1.4539405       -2.0110549
      5400.0000000    13312.5626394   -14604.9165591    40532.2708768        1.1481499        1.1433424        0.4738335
      8100.0000000    -5466.2978519   -19418.9074832    15473.1914361        1.3192776       -1.1657102        3.6643775
     10800.0000000    20174.2072908     8830.1042906    22214.2981087       -0.8166652        1.2284299       -2.9121626
     13500.0000000    16860.2058497   -10398.1845628    41111.3583295        0.9343426        1.3214913       -0.1421627
     16200.0000000     -553.5870480   -21311.7378445    26403.6853659        1.5001813       -0.0474619        2.5315461
     18900.0000000    15192.0670578    11846.7242281     9716.4214289       -2.2187610        0.3760205       -4.1296855
     21600.0000000    19638.5585658    -5655.7262540    39484.3147425        0.6656311        1.4375787       -0.7689252
     24300.0000000     4525.5280298   -20384.3675156    33891.9550539        1.4509214        0.5344305        1.6749631
     27000.0000000     1338.3724502     6430.4646713    -6213.6806053       -6.0609239       -5.2134050       -3.0685542
     29700.0000000    21366.3352824     -640.0082739    35546.4019216        0.3147247        1.4883463       -1.4408027
     32400.0000000     9257.8483190   -17896.4466715    38569.0013288        1.3251853        0.8956645        0.9656585
     35100.0000000    -8685.3269136   -13695.7267875     4109.0205663        0.3019027       -3.2098272        4.7361861
     37800.0000000    21663.3979926     4338.7311689    29107.3258856       -0.1821313        1.4413740       -2.2081897
     40500.0000000    13460.4017385   -14419.3738957    40848.9522687        1.1551359        1.1410290        0.3301358
     43200.0000000    -5368.4068950   -20091.9161769    18370.5096069        1.3569714       -0.8848595        3.3580361


 1 90028U RELEAS14 00051.15714066 -.00000031  00000 0 -13568-4 4 0377                                                                                                                                                                                                                                                                                                                                                                                                                                                           
 2 90028  72.5158 115.6069 0011430 124.7615 235.4297 12.4439648802428                                                                                                                                                                                                                                                                                                                                                                                                                                                           

         0.0000000    -3406.9060853     7100.5622490       10.9472589       -1.9189397       -0.9386123        6.7850637
      2700.0000000     -735.4936123    -3797.7686917     6841.4320183        3.3363106       -5.6472674       -2.7758327
      5400.0000000     3468.8081668    -4309.3725386    -5599.7780205       -0.4967074        5.4672735       -4.5233243
      8100.0000000    -1557.9548284     7363.2272321    -2326.1835954       -2.5988161        1.4835776        6.4506874
     10800.0000000    -2062.6013198    -1389.4654017     7455.3817476        2.0301019       -6.7891399       -0.7070686
     13500.0000000     2593.9267397    -6405.2846244    -3765.3577283        1.0577487        3.8739498       -5.8756962
     16200.0000000      331.4645128     6505.0737612    -4432.5443420       -2.3900812        3.8510622        5.4757441
     18900.0000000    -2489.6572777     1380.0949338     7326.8342200        0.3739502       -6.9651256        1.4316316
     21600.0000000     1037.9847176    -7642.0167488    -1556.3064259        1.9824009        1.6143901       -6.6454812
     24300.0000000     1809.4302168     4649.0521893    -6098.5046913       -1.3870457        5.7349549        3.9595279
     27000.0000000    -1948.7894477     4022.0723077     6468.9164707       -1.2174074       -6.1210314        3.4270181
     29700.0000000     -796.8028306    -7782.8374851      807.0579070        2.0674667       -0.9208797       -6.7537371
     32400.0000000     2519.2238722     2111.5426923    -7160.4310036        0.1444591        6.7994098        2.0533646
     35100.0000000     -585.5160118     6071.5145351     4966.3904734       -2.3468653       -4.3984893        5.0821992
     37800.0000000    -2448.3235755    -6802.1186015     3090.4160456        1.2907037       -3.2860410       -6.1881124
     40500.0000000     2275.1468954     -660.3245143    -7513.6884865        1.8243749        6.8655787       -0.0546666
     43200.0000000     1272.2606181     7175.7256431     2969.2947340       -2.7186064       -2.1092993        6.2310330


 1 90029U RELEAS14 00051.38558242 +.00000961  00000 0  44365-3 4 5319                                                                                                                                                                                                                                                                                                                                                                                                                                                           
 2 90029  98.7064 100.2836 0014146 119.4841 240.7749 14.2193618701011                                                                                                                                                                                                                                                                                                                                                                                                                                                           

         0.0000000    -1284.5058249     7092.3040347       14.6514700        1.1111310        0.1767217        7.3499950
      2700.0000000      239.5941876    -4936.6143224    -5242.0656585       -1.8938477        5.1848157       -4.9791283
      5400.0000000     1179.4744810     -242.1730011     7088.0905172        1.7141430       -7.2251835       -0.5358546
      8100.0000000    -2190.5366235     5212.5198353    -4476.2475180       -0.4301694        4.7244957        5.7157653
     10800.0000000     2012.1438883    -6835.4974825    -1032.5624438       -1.3863743        0.6806186       -7.2814607
     13500.0000000     -538.1068793     4188.1764422     5824.3267413        2.6472113       -5.5378482        4.2108635
     16200.0000000    -1546.6666546     1022.1806557    -6969.4263266       -2.4251704        6.8441971        1.5393858
     18900.0000000     2948.5212514    -5459.3381240     3638.8866499        0.6179945       -3.8934722       -6.3195618
     21600.0000000    -2664.6528181     6401.4745184     1946.8738860        1.8478946       -1.3974990        7.0708606
     24300.0000000      604.1594502    -3342.5719229    -6359.8963640       -3.4507745        5.6768007       -3.3177546
     27000.0000000     2081.9117128    -1668.5216377     6674.0457682        3.0291188       -6.3204601       -2.5203577
     29700.0000000    -3743.8293153     5484.7041484    -2805.1389542       -0.5957655        3.0375808        6.7578071
     32400.0000000     3151.0630827    -5787.3808528    -2916.8351091       -2.4950045        2.0103458       -6.7096952
     35100.0000000     -477.8230286     2525.0773221     6712.9750543        4.2707796       -5.6071936        2.4055595
     37800.0000000    -2765.7401499     2148.9016148    -6304.4423413       -3.4483611        5.6095456        3.4287738
     40500.0000000     4503.8144687    -5310.1142644     1829.9241657        0.3303133       -2.1887218       -7.1069232
     43200.0000000    -3481.5277771     5065.8911907     3738.5208709        3.2501284       -2.4018031        6.2546962


 1 90030U RELEAS14 00051.38558242 +.01672663  94000-5  22520-2 4 0035                                                                                                                                                                                                                                                                                                                                                                                                                                                           
 2 90030  28.5475 124.9280 0081002 156.8669 205.7976 16.0204499601011                                                                                                                                                                                                                                                                                                                                                                                                                                                           

         0.0000000    -4017.2727242     5347.1413717      126.1540366       -5.3470021       -4.1376676        3.6764827
      2700.0000000    -5766.1249401     2226.0613391     2506.4551626       -1.7309155       -7.1719174        2.2587843
      5400.0000000    -5363.6175278    -2463.2310736     3046.0711326        2.7569396       -7.1612348       -1.0601497
      8100.0000000    -2334.5436624    -6135.2115173      795.4428707        6.2965756       -2.8116189       -3.6069295
     10800.0000000     2461.6922951    -5623.7014830    -2397.2272329        6.3566533        3.8348305       -2.4111553
     13500.0000000     5965.2383672     -478.2421651    -2758.0260613        1.4478459        7.4580283        1.7889991
     16200.0000000     4193.3439349     5067.3939784      704.1819940       -5.5079718        4.1168114        3.6295957
     18900.0000000    -2623.5481458     5222.9653125     3175.4559587       -6.9494161       -3.3809885       -0.0938602
     21600.0000000    -6620.1550545     -761.4681870      235.0084065        0.6509241       -6.7465215       -3.6772916
     24300.0000000     -885.5332226    -5764.8351467    -3160.3158862        7.6795285       -0.9925080       -0.2384156
     27000.0000000     6344.9013698    -1740.3151485      200.2684999        1.6794030        6.6539031        3.7251782
     29700.0000000     1183.8730767     5757.9183028     2975.5045455       -7.3895072        2.1819979       -1.1946175
     32400.0000000    -6210.7694975     1145.4811876    -2066.8596129       -0.4213123       -7.1872697       -2.8140488
     35100.0000000     1092.2623200    -6443.5321054    -1122.5131950        6.8982446        0.6052863        3.4693762
     37800.0000000     4877.7392712     3229.9841786     2988.2491326       -3.7802996        6.7425381       -1.1427940
     40500.0000000    -5237.4608442     2823.9214918    -2873.9268735       -2.9758820       -7.0038750       -1.5510767
     43200.0000000     1398.4416136    -6259.4818516     1647.4645281        6.6756504        2.3500881        3.1557605


 1 90031U RELEAS14 00051.38558242 +.00168784  00000 0  70845-3 4 0046                                                                                                                                                                                                                                                                                                                                                                                                                                                           
 2 90031  63.9976   6.4832 7509563 239.3244 315.9903  2.0525984300303                                                                                                                                                                                                                                                                                                                                                                                                                                                           

         0.0000000    -6699.8190647    10048.5019285    22023.6543768       -1.7594548       -1.7731213       -3.2027353
      2700.0000000     5726.9122694    17505.1325905    34415.7270763       -1.9174922       -0.7016169       -1.0061173
      5400.0000000    16984.2839659    19773.9458286    36768.4726991       -1.5505220       -0.0658840        0.1906801
      8100.0000000    25224.6072877    18388.1870677    32524.6281620       -0.9777523        0.4583585        1.1285958
     10800.0000000    28883.8256235    13692.9020186    22573.3289376       -0.0675578        0.9909179        2.0346946
     13500.0000000    24123.8426017     5323.8701673     6671.8915718        1.9693219        1.6597543        3.0453704
     16200.0000000    -8872.3624245      -40.7398006     1374.1317638        3.0866808       -3.3178388       -7.2822374
     18900.0000000    -2290.2124812    13309.6448073    27530.0119889       -2.0043327       -1.2604357       -2.2673267
     21600.0000000    10030.2640572    18249.3819890    35867.1056866       -1.8518154       -0.4226233       -0.6012370
     24300.0000000    20315.0218310    18979.7756448    36153.4772090       -1.4137538        0.1334437        0.4568575
     27000.0000000    27258.1456732    16550.0637439    30610.9234045       -0.7790218        0.6105612        1.3406672
     29700.0000000    29273.1972435    11235.2982116    19861.7216466        0.2379178        1.1002766        2.2244228
     32400.0000000    22131.2950070     2853.5495457     3756.2530032        2.6532363        1.6770102        3.1796021
     35100.0000000    -9834.8038840     2098.6108227     5117.5590970        0.9623601       -3.2100727       -6.6445963
     37800.0000000    -1546.8615655    13465.8281302    27644.2198575       -2.0602992       -1.1673267       -2.2369055
     40500.0000000     9948.7396439    17643.7211222    35471.8648873       -1.8965550       -0.3942284       -0.6900304
     43200.0000000    19489.8067472    18276.7475383    36409.8902181       -1.5017920        0.1068948        0.2931373


 1 90032U RELEAS14 00051.38558242 +.00332394  00000 0  96401-4 4 0062                                                                                                                                                                                                                                                                                                                                                                                                                                                           
 2 90032  63.8221 352.9474 7190794 239.0801 307.3271  2.4861841700210                                                                                                                                                                                                                                                                                                                                                                                                                                                           

         0.0000000    -3094.5183994    10917.8911881    21271.6690245       -2.3552463       -1.1797075       -2.9679324
      2700.0000000    21168.8134238    12540.9540017    30877.8586432       -1.4724294        0.5144476        0.6493656
      5400.0000000    25795.0676293     2123.1166492    11469.1369919        1.1666782        1.2337782        2.8111755
      8100.0000000    -5853.0972949     9146.4107459    16700.3512090       -2.1674933       -1.6259303       -3.9036598
     10800.0000000    15497.1849621    13316.6244626    31510.8237984       -1.9081245        0.2533019       -0.0757251
     13500.0000000    26463.6235828     8090.5744187    24751.2168597       -0.6438760        0.9113978        1.6221111
     16200.0000000    23894.5028763       -4.6568151     8039.8213867        1.7664567        1.2267356        3.0541924
     18900.0000000    -7263.4942296      553.1472710    -1432.5489212        4.2721510       -4.3604187       -7.2395605
     21600.0000000    -1308.3746425    11274.8195025    22067.8762224       -2.4941404       -0.8931736       -2.6943685
     24300.0000000     5987.1367303    12691.1351340    27608.2939720       -2.4105123       -0.2226784       -1.3588351
     27000.0000000     3928.1555245    12189.5357701    25841.2161048       -2.5079050       -0.3465112       -1.6803734
     29700.0000000    -4657.4251312    -1225.9843569    -4352.6322239        7.3850414       -4.3113759       -5.5368391
     32400.0000000    19940.4184524     8863.0400445    26139.8691331       -1.5173655        0.7823664        0.9010352
     35100.0000000    23899.6446041     2422.2559978    15502.3603414        0.0900114        1.2210131        2.4570360
     37800.0000000    22180.0178503     4813.3488182    19865.1869946       -0.7986409        1.1279017        1.8540315
     40500.0000000    -4278.4447023     8548.2078353    14750.4721484       -2.7405702       -1.2369852       -3.7701876
     43200.0000000    -7389.0477119     5909.3007642     7829.5094447       -1.7932582       -2.4229596       -5.6714672


 1 90033U RELEAS14 00051.92409179 +.00000011  00000 0  00000 0 4 0041                                                                                                                                                                                                                                                                                                                                                                                                                                                           
 2 90033  52.6683  23.9378 0137366 276.7208  81.7737  6.4729361700921                                                                                                                                                                                                                                                                                                                                                                                                                                                           

         0.0000000    11093.3888298     4932.4499998        9.5178296       -1.3447325        3.2078722        4.5607502
      2700.0000000     5102.7234247     8306.6650490     7455.0196001       -4.8309714        0.4093488        2.9455119
      5400.0000000    -4467.0268503     6179.8101502     9686.9885027       -4.9971805       -2.5377156       -0.6858973
      8100.0000000   -11111.8859366      107.0429432     5205.5776367       -1.7712005       -3.7822670       -3.8407755
     10800.0000000   -10200.9203899    -5901.0252701    -2907.8281086        2.7886191       -2.5254709       -4.3307730
     13500.0000000    -2110.5225641    -7813.9842739    -8885.9655030        5.5281921        0.4640925       -1.6633530
     16200.0000000     7550.3409648    -4310.4476222    -8274.4310054        4.3222569        3.1238767        2.2805958
     18900.0000000    11816.4685978     2117.2650118    -1504.0525086        0.0088187        3.5742463        4.5112733
     21600.0000000     7711.4554295     7026.5008474     6396.2831632       -4.2268722        1.6229463        3.4455176
     24300.0000000    -1764.6992446     7262.0945434     9798.1328042       -5.4973371       -1.2992483       -0.0029979
     27000.0000000   -10114.1498474     2827.5475188     6402.4097618       -3.0443995       -3.3227669       -3.4252537
     29700.0000000   -11619.2192900    -3361.1094752    -1444.9000481        1.5601972       -3.1819342       -4.4853578
     32400.0000000    -5032.7225895    -7225.3027629    -8222.7104906        5.2167661       -0.8987152       -2.3171484
     35100.0000000     5168.6087274    -6113.1556140    -8931.6488667        5.1941545        2.0242445        1.6146895
     37800.0000000    11657.6876916     -794.0042050    -2987.5229646        1.4196425        3.5244719        4.3469065
     40500.0000000     9827.5630775     5035.0508707     5179.7993409       -3.2839421        2.6129634        3.8702410
     43200.0000000     1138.8148115     7511.8379283     9682.2274500       -5.6146605        0.0329836        0.6825534


 1 90034U RELEAS14 00051.38558242 +.00711372  97635-5  13083-2 4 0021                                                                                                                                                                                                                                                                                                                                                                                                                                                           
 2 90034  62.8218  97.3466 0233042 119.4400 242.9881 17.6709972501011                                                                                                                                                                                                                                                                                                                                                                                                                                                           

         0.0000000     -809.7244025     6245.9334373        7.9152567       -3.5598903       -0.6343291        7.0402749
Warning: Decay condition. Distance from the Geoid (Km) =    -79.929

Total run time =       0.14 seconds.
