HQ SpOC Sgp4Prop - Version: v9.4 - Build: May 03 2024 - Platform: Linux 64-bit - Compiler: OneAPI ifort                        


EPHEMERIS GENERATED BY SGP4 USING THE WGS-72 EARTH MODEL
COORDINATE FRAME=TRUE EQUATOR AND MEAN EQUINOX OF EPOCH
USING THE FK5 MEAN OF J2000 TIME AND REFERENCE FRAME

INPUT FILE = input/rel14_type4.inp
Start Time =         0.0000 min from epoch
Stop Time  =     43200.0000 min from epoch
Step size  =      2700.0000 min


     TSINCE (MIN)           A (KM)          ECC (-)        INC (DEG)       NODE (DEG)      OMEGA (DEG)   TRUE ANOM(DEG)


 1 90021U RELEAS14 00051.47568104 +.00000184  00000 0  00000 0 4 0814                                                                                                                                                                                                                                                                                                                                                                                                                                                           
 2 90021   0.0222 182.4923 0000720  45.6036 131.8822  1.0027132801199                                                                                                                                                                                                                                                                                                                                                                                                                                                           

         0.0000000    42164.8598562        0.0000547        0.0222004      182.4922065       75.9782025      101.5138337
      2700.0000000    42163.6356538        0.0000320        0.0251711      180.6188585      349.3816999      146.8804714
      5400.0000000    42162.3039555        0.0001087        0.0255981      178.4431457      349.0985242      106.2479197
      8100.0000000    42163.5603258        0.0001365        0.0248870      173.2117100       11.7963809       45.6923592
     10800.0000000    42162.3032317        0.0001223        0.0254412      163.8865086        5.8530319       17.8735228
     13500.0000000    42162.8750840        0.0001586        0.0279670      153.7885283        0.4034657      350.3382139
     16200.0000000    42162.4454684        0.0001690        0.0324106      148.6161981       10.4749462      302.3612782
     18900.0000000    42160.6011308        0.0001339        0.0377471      147.9227110       34.7133623      235.7542609
     21600.0000000    42162.6959477        0.0000591        0.0415937      148.7311145       47.2632835      179.3474424
     24300.0000000    42161.8637291        0.0000708        0.0429415      149.6790740       24.1465502      158.4716491
     27000.0000000    42160.0981624        0.0001386        0.0427157      147.8521384       40.4939701      100.9110684
     29700.0000000    42161.4384340        0.0001626        0.0427353      142.4765917       69.5165810       34.2178146
     32400.0000000    42160.1635026        0.0001168        0.0462415      136.5002897       72.6889358      353.9782645
     35100.0000000    42160.9752190        0.0001301        0.0522116      132.9694813       45.8579780      341.3075878
     37800.0000000    42160.3960691        0.0001451        0.0571221      133.1877087       55.9750261      287.9459481
     40500.0000000    42158.4497022        0.0000857        0.0603965      134.8524460       84.5028766      214.7417146
     43200.0000000    42160.6651510        0.0000168        0.0609297      135.2210311      333.4909054      282.3767879


 1 90022U RELEAS14 00051.59174492 +.00000136  00000 0  00000 0 4 0733                                                                                                                                                                                                                                                                                                                                                                                                                                                           
 2 90022   4.5701  71.6069 0014162  60.8451 299.2453  0.9654587100306                                                                                                                                                                                                                                                                                                                                                                                                                                                           

         0.0000000    43242.7019838        0.0014337        4.5701805       71.6069065       59.6157644      300.3329002
      2700.0000000    43245.5830983        0.0014294        4.5702535       71.5988919       55.1553126      236.4800308
      5400.0000000    43243.0546866        0.0015080        4.5719444       71.5681286       56.9124043      166.6119409
      8100.0000000    43244.5666196        0.0015006        4.5749345       71.5303565       59.2909433       96.0891001
     10800.0000000    43243.7089443        0.0015331        4.5792780       71.5162794       57.5432450       29.4552382
     13500.0000000    43244.4645118        0.0015647        4.5837460       71.5149378       57.6176006      320.8725044
     16200.0000000    43243.5665071        0.0014952        4.5867428       71.5374121       58.8867120      251.2100271
     18900.0000000    43245.6400639        0.0014516        4.5882241       71.5544165       57.3453098      184.5663130
     21600.0000000    43242.9305807        0.0015486        4.5882847       71.5575624       58.9085454      114.8459989
     24300.0000000    43245.4168375        0.0015326        4.5883545       71.5304164       62.6264264       42.7953272
     27000.0000000    43242.6837071        0.0014407        4.5910008       71.4848179       60.1821381      336.7830689
     29700.0000000    43244.5380821        0.0014737        4.5951614       71.4396839       58.2950735      270.3027897
     32400.0000000    43244.0719178        0.0014171        4.6012400       71.4320208       60.5264138      199.8775143
     35100.0000000    43244.0220622        0.0014089        4.6058393       71.4460600       58.9745061      133.2739375
     37800.0000000    43244.8292958        0.0015083        4.6077262       71.4692256       59.3337109       64.5984329
     40500.0000000    43244.0025047        0.0014663        4.6079044       71.4632977       60.5241309      354.9250633
     43200.0000000    43244.1435161        0.0014346        4.6086390       71.4236784       56.2967474      290.7232591


 1 90023U RELEAS14 00051.45013393 +.00000064  00000 0  00000 0 4 0221                                                                                                                                                                                                                                                                                                                                                                                                                                                           
 2 90023  54.9132 182.6983 0017768 176.8444 183.1487  2.0055852401395                                                                                                                                                                                                                                                                                                                                                                                                                                                           

         0.0000000    26562.6741520        0.0017132       54.9144675      182.6981703      176.7758695      183.2062016
      2700.0000000    26558.9347412        0.0017921       54.9148757      182.6249770      174.9715672       99.0289820
      5400.0000000    26562.5900014        0.0018420       54.9169184      182.5521782      177.8249676        9.8146200
      8100.0000000    26559.1615688        0.0017700       54.9125582      182.4768589      178.9959642      282.2186700
     10800.0000000    26562.3024795        0.0017522       54.9136181      182.4034091      176.4439564      198.7204854
     13500.0000000    26559.4947590        0.0018311       54.9123156      182.3265714      176.2214588      113.0158512
     16200.0000000    26562.0308925        0.0018456       54.9176324      182.2538889      178.3592547       24.5896083
     18900.0000000    26559.7552689        0.0017934       54.9204748      182.1777550      178.7204903      297.7664839
     21600.0000000    26561.7512536        0.0018037       54.9259374      182.1070801      177.1865690      213.1739149
     24300.0000000    26560.1493312        0.0018522       54.9258982      182.0313851      177.3108204      127.1299554
     27000.0000000    26561.3314101        0.0018367       54.9243564      181.9608073      178.5427415       39.6667043
     29700.0000000    26560.6247371        0.0018160       54.9206735      181.8829562      178.0393919      313.6915554
     32400.0000000    26560.8302258        0.0018427       54.9194690      181.8106720      178.0563244      227.4868075
     35100.0000000    26561.1847892        0.0018289       54.9220921      181.7322697      179.0048833      140.6382698
     37800.0000000    26560.3119662        0.0018103       54.9262730      181.6612855      177.8559437       55.6346143
     40500.0000000    26561.6559558        0.0018523       54.9303647      181.5853451      177.7509201      329.2570046
     43200.0000000    26559.9326263        0.0018629       54.9289777      181.5151968      179.5279940      241.1985437


 1 90024U RELEAS14 00051.03935584 +.00001327  00000 0  00000 0 4 0882                                                                                                                                                                                                                                                                                                                                                                                                                                                           
 2 90024  64.7717 195.4038 6033327 269.3020  18.6110  2.0061535803847                                                                                                                                                                                                                                                                                                                                                                                                                                                           

         0.0000000    26564.8352614        0.6034253       64.7737577      195.3919667      269.3060289       74.6286655
      2700.0000000    26556.0384118        0.6032727       64.7772515      195.2760856      269.2726527      224.4745648
      5400.0000000    26555.0700104        0.6032976       64.7784117      195.1358236      269.2391229      188.4375019
      8100.0000000    26554.8793616        0.6032683       64.7786175      194.9949815      269.2045778      160.6927352
     10800.0000000    26558.5563396        0.6032248       64.7805749      194.8547478      269.1843485      106.2604395
     13500.0000000    26555.6520286        0.6031922       64.7800573      194.7387737      269.1526152      237.0607957
     16200.0000000    26554.0250054        0.6032239       64.7805512      194.5985603      269.1289603      193.9774550
     18900.0000000    26553.7018503        0.6032120       64.7850552      194.4577147      269.0980852      166.6146430
     21600.0000000    26554.8387904        0.6031494       64.7917565      194.3168724      269.0704906      124.4998330
     24300.0000000    26557.6012052        0.6031453       64.7964621      194.2017788      269.0309968      256.3978491
     27000.0000000    26552.8534519        0.6031815       64.7948733      194.0619174      269.0060324      200.0511031
     29700.0000000    26552.5299852        0.6032019       64.7932144      193.9202954      268.9703235      172.2602308
     32400.0000000    26552.8448170        0.6031657       64.7931409      193.7778659      268.9407860      137.0253459
     35100.0000000    26560.9862693        0.6032749       64.7955403      193.6589550      268.9167758      292.9449988
     37800.0000000    26551.8856657        0.6031416       64.7975467      193.5162947      268.8918360      206.9622218
     40500.0000000    26551.3395508        0.6031326       64.8021111      193.3752754      268.8565592      177.8008546
     43200.0000000    26551.4729193        0.6030708       64.8056971      193.2347390      268.8198843      146.6528803


 1 90025U RELEAS14 00051.03935584 +.00001327  00000 0  00000 0 4 0882                                                                                                                                                                                                                                                                                                                                                                                                                                                           
 2 90025  64.7717 195.4038 6833327 269.3020  18.6110  2.0061535803847                                                                                                                                                                                                                                                                                                                                                                                                                                                           

         0.0000000    26567.5710423        0.6833977       64.7752725      195.3860484      269.3112876       90.7497323
      2700.0000000    26555.8455454        0.6832749       64.7772365      195.2236862      269.2692572      216.7768611
      5400.0000000    26555.1438599        0.6832845       64.7788450      195.0231400      269.2296291      187.0028464
      8100.0000000    26554.8090498        0.6832574       64.7794467      194.8219595      269.1903081      163.9788838
     10800.0000000    26556.8055576        0.6831966       64.7819037      194.6221215      269.1608286      118.9056267
     13500.0000000    26554.5821161        0.6831861       64.7816115      194.4600976      269.1304288      227.1843203
     16200.0000000    26553.6579837        0.6832114       64.7826007      194.2598724      269.0986183      191.6175145
     18900.0000000    26553.2310085        0.6831989       64.7871965      194.0587547      269.0626395      168.9131141
     21600.0000000    26553.4979597        0.6831454       64.7937244      193.8580459      269.0271202      134.2184991
     24300.0000000    26555.2095777        0.6831180       64.7987143      193.6971695      268.9893281      243.5896748
     27000.0000000    26552.0383058        0.6831796       64.7973979      193.4977529      268.9554331      196.7108612
     29700.0000000    26551.6467778        0.6832007       64.7962994      193.2953368      268.9152571      173.6573008
     32400.0000000    26551.5187078        0.6831771       64.7965923      193.0918622      268.8797275      144.6528205
     35100.0000000    26565.7443494        0.6832913       64.8012043      192.9259125      268.8435658      278.0839285
     37800.0000000    26550.6047079        0.6831478       64.8015906      192.7233073      268.8220338      202.5495625
     40500.0000000    26550.0442593        0.6831321       64.8062241      192.5218661      268.7816747      178.3487090
     43200.0000000    26549.8907792        0.6830816       64.8097593      192.3212187      268.7394733      152.6969131


 1 90026U RELEAS14 00051.03935584 +.00001327  00000 0  00000 0 4 0882                                                                                                                                                                                                                                                                                                                                                                                                                                                           
 2 90026  64.7717 195.4038 7233327 269.3020  18.6110  2.0061535803847                                                                                                                                                                                                                                                                                                                                                                                                                                                           

         0.0000000    26566.9452875        0.7233627       64.7759816      195.3811145      269.3109781       99.4959719
      2700.0000000    26555.8327055        0.7232758       64.7774096      195.1798012      269.2654995      213.0768722
      5400.0000000    26555.1831611        0.7232785       64.7793495      194.9287143      269.2208208      186.3154729
      8100.0000000    26554.7536287        0.7232526       64.7802869      194.6770055      269.1768164      165.5508678
     10800.0000000    26555.8218043        0.7231900       64.7830564      194.4269718      269.1404694      125.1593010
     13500.0000000    26554.0490846        0.7231867       64.7830774      194.2265985      269.1087576      222.4013052
     16200.0000000    26553.3614165        0.7232073       64.7844509      193.9759866      269.0709462      190.4890787
     18900.0000000    26552.8540933        0.7231950       64.7891996      193.7244199      269.0300346      170.0153587
     21600.0000000    26552.7382147        0.7231485       64.7957263      193.4734789      268.9886038      138.9265484
     24300.0000000    26553.7013874        0.7231153       64.8008829      193.2744659      268.9497845      237.2412737
     27000.0000000    26551.4040671        0.7231836       64.7999035      193.0248910      268.9090855      195.1199588
     29700.0000000    26550.9430801        0.7232057       64.7992187      192.7716143      268.8644117      174.3351236
     32400.0000000    26550.6152138        0.7231884       64.7998505      192.5170747      268.8238755      148.3352107
     35100.0000000    26566.2063466        0.7232772       64.8057535      192.3117539      268.7814281      269.9480645
     37800.0000000    26549.6221722        0.7231577       64.8053913      192.0591771      268.7576564      200.4590543
     40500.0000000    26549.0130565        0.7231408       64.8101426      191.8072418      268.7123713      178.6311866
     43200.0000000    26548.7170434        0.7230972       64.8137508      191.5562671      268.6651373      155.6253305


 1 90027U RELEAS14 00051.03935584 +.00000209  00000 0  99999-4 4 1844                                                                                                                                                                                                                                                                                                                                                                                                                                                           
 2 90027  64.3871 233.3669 6991935 271.4388  16.5332  1.9699794003847                                                                                                                                                                                                                                                                                                                                                                                                                                                           

         0.0000000    26893.8740944        0.6992779       64.3912494      233.3479709      271.4493508       88.6947539
      2700.0000000    26880.2874403        0.6991253       64.3902748      233.1613688      271.4232946      204.1361864
      5400.0000000    26879.8314484        0.6990451       64.3935810      232.9362690      271.3980537      173.9837468
      8100.0000000    26880.0613653        0.6988902       64.3981420      232.7159102      271.3731987      131.0698869
     10800.0000000    26879.4108759        0.6988098       64.3984306      232.5422188      271.3527801      216.6957797
     13500.0000000    26878.6901111        0.6987866       64.3970068      232.3259271      271.3260239      181.2791788
     16200.0000000    26878.3596627        0.6987356       64.3973238      232.1087346      271.3006802      148.3267459
     18900.0000000    26880.2207449        0.6986932       64.4000052      231.9306846      271.2842219      238.7594578
     21600.0000000    26878.1741838        0.6987016       64.3994850      231.7072104      271.2698021      188.7437387
     24300.0000000    26878.1305771        0.6986325       64.4036867      231.4810639      271.2479603      159.4927192
     27000.0000000    26861.3955708        0.6983318       64.4043480      231.2958617      271.2601092      318.3812241
     29700.0000000    26879.0329697        0.6984054       64.4064424      231.0820974      271.2047210      196.9506211
     32400.0000000    26879.2539448        0.6983481       64.4034665      230.8649265      271.1724244      168.1822772
     35100.0000000    26886.1918072        0.6983050       64.4042100      230.6473778      271.1552666      104.6479384
     37800.0000000    26880.1400580        0.6982797       64.4002660      230.4648490      271.1302596      206.8347997
     40500.0000000    26880.1350113        0.6982374       64.4020422      230.2380078      271.1070662      175.7652607
     43200.0000000    26880.2729394        0.6980911       64.4081029      230.0119112      271.0841650      136.1428921


 1 90028U RELEAS14 00051.15714066 -.00000031  00000 0 -13568-4 4 0377                                                                                                                                                                                                                                                                                                                                                                                                                                                           
 2 90028  72.5158 115.6069 0011430 124.7615 235.4297 12.4439648802428                                                                                                                                                                                                                                                                                                                                                                                                                                                           

         0.0000000     7873.7906086        0.0009693       72.5245589      115.6069875      103.8702626      256.2132335
      2700.0000000     7861.0501210        0.0002224       72.5091497      112.9100857      102.4892436       11.6320373
      5400.0000000     7865.3009138        0.0011417       72.5136314      110.2360110       94.3486939      133.8847387
      8100.0000000     7872.3234409        0.0008824       72.5217943      107.5317657      120.5402415      221.4254289
     10800.0000000     7858.6594826        0.0004612       72.5064235      104.8456445      195.1931637      260.7562511
     13500.0000000     7869.9541255        0.0009655       72.5195104      102.1658883      121.0733933       89.0338868
     16200.0000000     7868.4794951        0.0013124       72.5175746       99.4596125      134.2624244      189.5914426
     18900.0000000     7859.1858054        0.0009805       72.5063306       96.7822110      176.7368940      261.0380314
     21600.0000000     7873.1478740        0.0013224       72.5217374       94.0917455      133.7773608       58.1918260
     24300.0000000     7863.7541804        0.0019477       72.5107362       91.3890266      128.4523587      177.3020305
     27000.0000000     7862.4181234        0.0013877       72.5095910       88.7156578      151.0630959      268.5487295
     29700.0000000     7873.6357287        0.0016466       72.5230770       86.0157428      125.3034296       48.5207698
     32400.0000000     7859.9638590        0.0024295       72.5077005       83.3228474      115.3296048      172.3299417
     35100.0000000     7867.1014272        0.0016363       72.5156986       80.6475156      125.8388869      275.6115719
     37800.0000000     7871.2118589        0.0016728       72.5199823       77.9411106      108.9403252       46.7225864
     40500.0000000     7858.5675243        0.0025619       72.5053651       75.2577912      100.7816556      168.7846802
     43200.0000000     7871.4080994        0.0016768       72.5206534       72.5742668      104.3507675      278.9520805


 1 90029U RELEAS14 00051.38558242 +.00000961  00000 0  44365-3 4 5319                                                                                                                                                                                                                                                                                                                                                                                                                                                           
 2 90029  98.7064 100.2836 0014146 119.4841 240.7749 14.2193618701011                                                                                                                                                                                                                                                                                                                                                                                                                                                           

         0.0000000     7205.9078658        0.0012601       98.7009382      100.2835341      101.5752641      258.5425601
      2700.0000000     7196.2053356        0.0015186       98.7062717      102.1258601       86.8361728      140.5621687
      5400.0000000     7188.0403644        0.0005451       98.7110893      103.9799300      208.1742006      245.9729342
      8100.0000000     7198.8475968        0.0017827       98.7046335      105.8324137      131.2596196      189.8418381
     10800.0000000     7205.5491274        0.0016287       98.7007034      107.6733937      126.8907662       61.4512921
     13500.0000000     7193.8715108        0.0017279       98.7077953      109.5174641      145.5298719      269.4602986
     16200.0000000     7188.8396483        0.0032109       98.7105682      111.3726054      108.2232976      173.9076963
     18900.0000000     7201.2236005        0.0019041       98.7023550      113.2226885       95.8381713       53.3791856
     21600.0000000     7204.5780379        0.0019717       98.6995095      115.0621291       95.7432895      280.1274644
     24300.0000000     7191.6737519        0.0026772       98.7067025      116.9080053       79.5995610      163.5718115
     27000.0000000     7190.0482378        0.0006769       98.7073622      118.7634231       50.5878633       59.4643881
     29700.0000000     7203.1278622        0.0014618       98.6995042      120.6113086       99.5920936      237.2257876
     32400.0000000     7202.9045222        0.0014689       98.6998870      122.4508012       95.3170284      108.8546789
     35100.0000000     7189.8663604        0.0009815       98.7078142      124.2987464      146.1881322      284.6850008
     37800.0000000     7191.9324238        0.0028301       98.7061018      126.1538299      108.4067472      189.4217994
     40500.0000000     7204.7388465        0.0020968       98.6974616      127.9990667       95.9876886       69.1120687
     43200.0000000     7200.9621582        0.0020605       98.6989556      129.8381823       96.0013402      295.7128996


 1 90030U RELEAS14 00051.38558242 +.01672663  94000-5  22520-2 4 0035                                                                                                                                                                                                                                                                                                                                                                                                                                                           
 2 90030  28.5475 124.9280 0081002 156.8669 205.7976 16.0204499601011                                                                                                                                                                                                                                                                                                                                                                                                                                                           

         0.0000000     6649.0101513        0.0069969       28.5652504      124.9318174      152.3835825      209.8768171
      2700.0000000     6644.4617193        0.0073404       28.5429846      110.6855629      173.4782258      238.3793405
      5400.0000000     6641.2777598        0.0073218       28.5321821       96.3348731      197.3485222      268.8815736
      8100.0000000     6643.3673383        0.0077552       28.5633935       82.0286320      218.8177658      306.6102467
     10800.0000000     6639.0986858        0.0078163       28.5448307       67.7618768      249.7576922      339.8145944
     13500.0000000     6636.2253662        0.0075420       28.5380016       53.3547011      278.1622816       20.6600562
     16200.0000000     6637.3780476        0.0070847       28.5639730       39.0502214      310.8961210       61.9678919
     18900.0000000     6630.7575688        0.0062214       28.5295686       24.6634188      330.8545070      120.9093189
     21600.0000000     6632.7895363        0.0053470       28.5650526       10.2755378      348.2572294      187.5157135
     24300.0000000     6625.8339113        0.0064396       28.5290922      355.8827649        6.8377313      259.1050498
     27000.0000000     6627.7462226        0.0076847       28.5645102      341.4566022       30.6667696      332.9815200
     29700.0000000     6620.7043089        0.0070291       28.5315858      326.9791654       62.4369416       46.5637977
     32400.0000000     6619.6700434        0.0054729       28.5484428      312.5700481       85.7428045      134.8616001
     35100.0000000     6617.7687648        0.0054497       28.5587456      298.0159086       91.3346986      247.9272794
     37800.0000000     6610.8010401        0.0064603       28.5295828      283.4973783      121.0756497      346.6705218
     40500.0000000     6607.3590529        0.0051714       28.5320807      268.9977524      154.2951398       91.2848174
     43200.0000000     6605.8342588        0.0042107       28.5521902      254.4258754      157.0987667      234.2682699


 1 90031U RELEAS14 00051.38558242 +.00168784  00000 0  70845-3 4 0046                                                                                                                                                                                                                                                                                                                                                                                                                                                           
 2 90031  63.9976   6.4832 7509563 239.3244 315.9903  2.0525984300303                                                                                                                                                                                                                                                                                                                                                                                                                                                           

         0.0000000    26152.4922030        0.7509468       63.9969868        6.5076620      239.3275671      223.3624966
      2700.0000000    26151.7619627        0.7510944       64.0004799        6.1918906      239.2947857      199.5055158
      5400.0000000    26149.9973423        0.7512327       63.9994133        5.8687921      239.2719103      185.9112318
      8100.0000000    26147.8622627        0.7513183       63.9940854        5.5391885      239.2581519      174.1361319
     10800.0000000    26145.3668425        0.7513296       63.9869491        5.2049991      239.2498601      160.6818473
     13500.0000000    26144.1413353        0.7512753       63.9807065        4.8694637      239.2447127      137.6213212
     16200.0000000    26178.9903273        0.7514884       63.9818720        4.5987162      239.2064095      290.9876536
     18900.0000000    26136.1016049        0.7511880       63.9726776        4.2840576      239.2182238      213.1920298
     21600.0000000    26133.6715081        0.7512500       63.9761092        3.9653294      239.1915328      195.0433688
     24300.0000000    26129.9633604        0.7513930       63.9784121        3.6443940      239.1688588      182.7327227
     27000.0000000    26124.3938364        0.7515444       63.9757143        3.3153013      239.1569187      171.2543080
     29700.0000000    26115.4207440        0.7515991       63.9683479        2.9751458      239.1549769      157.3956707
     32400.0000000    26106.6754217        0.7515183       63.9602411        2.6293601      239.1557150      131.4909081
     35100.0000000    26102.3558703        0.7513782       63.9575434        2.3534510      239.1260088      270.5561200
     37800.0000000    26083.5393178        0.7513347       63.9509607        2.0362704      239.1173411      212.8694682
     40500.0000000    26072.8344440        0.7513835       63.9514950        1.7155457      239.0883019      196.0563773
     43200.0000000    26053.2699328        0.7513969       63.9488462        1.3901276      239.0706115      184.7458708


 1 90032U RELEAS14 00051.38558242 +.00332394  00000 0  96401-4 4 0062                                                                                                                                                                                                                                                                                                                                                                                                                                                           
 2 90032  63.8221 352.9474 7190794 239.0801 307.3271  2.4861841700210                                                                                                                                                                                                                                                                                                                                                                                                                                                           

         0.0000000    23015.8195789        0.7190832       63.8211932      352.9714256      239.0838533      221.4491304
      2700.0000000    22991.2232843        0.7189232       63.8215107      352.5513703      239.0563477      181.5728083
      5400.0000000    22942.3246674        0.7184098       63.8202317      352.1223948      239.0452593      147.7911056
      8100.0000000    22856.3971669        0.7174903       63.8123698      351.7599340      239.0481517      231.8433072
     10800.0000000    22755.9064682        0.7162786       63.8066640      351.3293757      239.0340681      190.2046647
     13500.0000000    22653.0504506        0.7149473       63.8046104      350.8943411      239.0210467      168.9643344
     16200.0000000    22560.5567991        0.7137135       63.8051270      350.4609747      239.0070952      141.8111257
     18900.0000000    22513.3112793        0.7131166       63.8112888      350.0948207      238.9749661      313.4426092
     21600.0000000    22334.8151984        0.7110444       63.8019138      349.6764231      238.9718409      218.6879596
     24300.0000000    22101.9291627        0.7081828       63.7989991      349.2433443      238.9545429      204.5316707
     27000.0000000    21653.3589891        0.7022926       63.7910723      348.7966893      238.9482741      208.1003063
     29700.0000000    20953.8309144        0.6923715       63.7805313      348.3183420      238.9926316      349.3739846
     32400.0000000    20248.2758309        0.6816759       63.7721566      347.7954094      238.9393958      179.9063036
     35100.0000000    19589.1861896        0.6709032       63.7672773      347.2449978      238.9221579      158.2700326
     37800.0000000    18906.0681298        0.6590940       63.7640820      346.6899258      238.9122019      168.3323771
     40500.0000000    18036.6893535        0.6428020       63.7581853      346.1131518      238.9100899      231.7618793
     43200.0000000    16845.4944332        0.6175520       63.7553992      345.4281042      238.8934112      255.8054813


 1 90033U RELEAS14 00051.92409179 +.00000011  00000 0  00000 0 4 0041                                                                                                                                                                                                                                                                                                                                                                                                                                                           
 2 90033  52.6683  23.9378 0137366 276.7208  81.7737  6.4729361700921                                                                                                                                                                                                                                                                                                                                                                                                                                                           

         0.0000000    12165.3453488        0.0137719       52.6744899       23.9371011      277.7935966       82.2628899
      2700.0000000    12161.3176755        0.0136784       52.6682894       22.7601968      277.2641237      132.5505005
      5400.0000000    12158.7309113        0.0139302       52.6638873       21.5663861      278.5316488      180.2528641
      8100.0000000    12163.3205350        0.0135923       52.6722917       20.3776140      279.1002641      228.6591436
     10800.0000000    12164.7158460        0.0138223       52.6745303       19.2041161      279.2489920      278.2840449
     13500.0000000    12159.3011490        0.0136450       52.6650243       18.0192414      281.5345868      326.8684267
     16200.0000000    12160.1010171        0.0136718       52.6669964       16.8210618      281.3545292       18.5286335
     18900.0000000    12165.2147983        0.0138632       52.6769966       15.6399068      283.5738037       67.4323397
     21600.0000000    12162.3367249        0.0136334       52.6728959       14.4655273      283.5356722      117.5598153
     24300.0000000    12158.5695507        0.0139416       52.6663916       13.2741707      284.1435153      166.0893983
     27000.0000000    12162.3516303        0.0136462       52.6731764       12.0829028      285.3771163      213.7331876
     29700.0000000    12165.1544213        0.0137457       52.6776959       10.9081877      285.0005884      263.5773579
     32400.0000000    12160.2193900        0.0137488       52.6687126        9.7270737      287.4023790      311.7300432
     35100.0000000    12159.1988047        0.0135934       52.6674853        8.5290087      287.4404679        3.0818062
     37800.0000000    12164.7399198        0.0139270       52.6780738        7.3442013      289.1599297       52.6910157
     40500.0000000    12163.3504687        0.0136419       52.6762848        6.1716173      289.8685395      102.4105319
     43200.0000000    12158.6990819        0.0139111       52.6676600        4.9832686      289.7892720      151.8618585


 1 90034U RELEAS14 00051.38558242 +.00711372  97635-5  13083-2 4 0021                                                                                                                                                                                                                                                                                                                                                                                                                                                           
 2 90034  62.8218  97.3466 0233042 119.4400 242.9881 17.6709972501011                                                                                                                                                                                                                                                                                                                                                                                                                                                           

         0.0000000     6234.4442289        0.0229417       62.8413565       97.3497013      117.7260441      242.3548851
Warning: Decay condition. Distance from the Geoid (Km) =    -79.929

