HQ SpOC Sgp4Prop - Version: v9.4 - Build: May 03 2024 - Platform: Linux 64-bit - Compiler: OneAPI ifort                        


EPHEMERIS GENERATED BY SGP4 USING THE WGS-72 EARTH MODEL
COORDINATE FRAME=TRUE EQUATOR AND MEAN EQUINOX OF EPOCH
USING THE FK5 MEAN OF J2000 TIME AND REFERENCE FRAME

INPUT FILE = input/rel14_type4.inp
Start Time =         0.0000 min from epoch
Stop Time  =     43200.0000 min from epoch
Step size  =      2700.0000 min


     TSINCE (MIN)         LAT(DEG)        LON (DEG)          HT (KM)           X (KM)           Y (KM)           Z (KM)


 1 90021U RELEAS14 00051.47568104 +.00000184  00000 0  00000 0 4 0814                                                                                                                                                                                                                                                                                                                                                                                                                                                           
 2 90021   0.0222 182.4923 0000720  45.6036 131.8822  1.0027132801199                                                                                                                                                                                                                                                                                                                                                                                                                                                           

         0.0000000        0.0009724       39.0200517    35787.1851233    42165.3185227      -11.5960345        0.7149139
      2700.0000000        0.0174199       39.0687526    35786.6307994    30777.5809019   -28820.2676005       12.8066023
      5400.0000000        0.0255126       39.1292214    35785.4509680     2786.7013044   -42071.3908184       18.7555472
      8100.0000000        0.0210081       39.1919900    35781.4036184   -26702.7887096   -32624.9526119       15.4425850
     10800.0000000        0.0102472       39.2565148    35779.2587657   -41785.7910622    -5585.1103508        7.5321089
     13500.0000000       -0.0045041       39.3255738    35778.1465583   -34332.9853102    24462.1786344       -3.3105768
     16200.0000000       -0.0237908       39.3997030    35780.4957513    -8370.7737437    41319.2447610      -17.4877235
     18900.0000000       -0.0377841       39.4895214    35785.6435725    22099.2789459    35908.2904248      -27.7770112
     21600.0000000       -0.0302569       39.5929312    35787.0544531    40662.6062744    11155.9471711      -22.2441571
     24300.0000000       -0.0019636       39.7002821    35786.5039762    37331.3695239   -19601.6740963       -1.4435513
     27000.0000000        0.0266735       39.8121053    35783.0688276    13905.1441191   -39802.1819799       19.6078736
     29700.0000000        0.0415554       39.9178229    35777.6330902   -17004.3581511   -38574.0800704       30.5437107
     32400.0000000        0.0425029       40.0262263    35777.1310598   -38755.8026052   -16584.7292434       31.2397838
     35100.0000000        0.0238620       40.1456918    35777.6425361   -39647.3409277    14324.7209087       17.5388874
     37800.0000000       -0.0158367       40.2712558    35780.3749848   -19210.7859557    37527.1306051      -11.6409534
     40500.0000000       -0.0527519       40.4115274    35783.2838541    11552.5916209    40547.7664161      -38.7784843
     43200.0000000       -0.0591455       40.5551046    35782.3780931    36104.9282975    21770.1888987      -43.4775470


 1 90022U RELEAS14 00051.59174492 +.00000136  00000 0  00000 0 4 0733                                                                                                                                                                                                                                                                                                                                                                                                                                                           
 2 90022   4.5701  71.6069 0014162  60.8451 299.2453  0.9654587100306                                                                                                                                                                                                                                                                                                                                                                                                                                                           

         0.0000000       -0.0040945       68.6941482    36833.1913574    13671.2870434    40991.6409358       -3.0849113
      2700.0000000       -4.2518412       43.5871693    36901.6392217    43089.3450886     2482.1347473    -3205.6287639
      5400.0000000       -3.1498686       18.4435368    36928.4184352    18275.4065962   -39189.4135753    -2377.2611162
      8100.0000000        1.9061124      353.5737226    36873.2426012   -29492.3311482   -31604.0580460     1437.1992816
     10800.0000000        4.5774891      328.2512269    36807.9571055   -40054.4826598    15773.7068774     3443.1683987
     13500.0000000        1.4537350      302.8478773    36813.8092039       37.7497157    43178.0395207     1094.6855419
     16200.0000000       -3.5105650      277.7746089    36886.2510968    40116.0985758    15984.1931361    -2646.5807627
     18900.0000000       -4.0508536      252.5913717    36930.1867949    29676.6312277   -31393.5928590    -3056.3711014
     21600.0000000        0.4991159      227.6856679    36892.8492858   -18058.9006753   -39320.6338365      376.5661920
     24300.0000000        4.4271721      202.5049968    36818.7282012   -43009.0540343     2254.4740490     3331.1603125
     27000.0000000        2.7615450      177.0191220    36807.3310642   -13588.1987721    40939.2293637     2078.5948285
     29700.0000000       -2.3947606      151.9289600    36866.0095986    33040.0265065    27841.5324231    -1805.1432972
     32400.0000000       -4.5411803      126.7668501    36923.6920174    38044.3230797   -20394.4837679    -3425.0777223
     35100.0000000       -0.9770928      101.7693977    36907.6127849    -4782.1720529   -43014.4450459     -737.4091380
     37800.0000000        3.8255091       76.7524953    36838.7296938   -41554.9356030   -11514.3041351     2880.5061287
     40500.0000000        3.7976050       51.2428796    36802.8004106   -25825.1902996    34488.8585570     2857.1462114
     43200.0000000       -1.0351127       26.0532305    36843.9859638    22589.9504747    36840.6950268     -780.0425808


 1 90023U RELEAS14 00051.45013393 +.00000064  00000 0  00000 0 4 0221                                                                                                                                                                                                                                                                                                                                                                                                                                                           
 2 90023  54.9132 182.6983 0017768 176.8444 183.1487  2.0055852401395                                                                                                                                                                                                                                                                                                                                                                                                                                                           

         0.0000000       -0.0146947      230.9458136    20229.9749573   -26578.8356324    -1247.7842087       -6.8132530
      2700.0000000      -54.7601053      190.9720551    20202.4353016    -2549.1265789    15132.0549619   -21686.2232221
      5400.0000000       -6.2554703      141.5223945    20136.4945283    26162.7519822     3194.1320269    -2884.4563524
      8100.0000000       53.4282101      109.2210416    20184.7742186     5805.5112961   -14732.5995352    21309.6924587
     10800.0000000       12.3793908       52.1239115    20229.2177397   -25489.5551934    -5074.0347384     5695.2462894
     13500.0000000      -50.6315964       27.6051575    20213.0624038    -9335.4686186    14057.5812990   -20534.0344889
     16200.0000000      -18.6348316      323.1011005    20141.4811753    24166.0695490     6898.3364900    -8461.0057271
     18900.0000000       47.1388287      303.4256077    20170.8353088    12345.7458491   -13190.9762454    19437.5797634
     21600.0000000       24.4694045      234.1837433    20227.3492032   -22654.1220338    -8565.0263183    11004.0078111
     24300.0000000      -42.4962828      218.6950784    20221.3930485   -15475.1825506    12060.1504545   -17946.8170766
     27000.0000000      -30.4518925      146.0781617    20151.0852832    20506.3768316    10135.3729754   -13426.5242389
     29700.0000000       37.6864382      132.0166523    20157.1006471    18021.7360383   -10791.0501928    16200.7958640
     32400.0000000       35.7842922       58.2502560    20223.0163764   -18271.5877216   -11492.5972620    15533.9125992
     35100.0000000      -32.0423448       44.9363345    20226.5777664   -20558.8705287     9281.1567452   -14095.5391058
     37800.0000000      -41.1785864      331.8681925    20164.2294930    15424.1050947    12707.1867785   -17453.6642501
     40500.0000000       26.5029000      316.6655323    20145.4575553    22464.0234737    -7678.4905660    11818.8033680
     43200.0000000       45.6010188      245.9116578    20216.4628058   -12641.9941995   -13663.1718229    18978.6923201


 1 90024U RELEAS14 00051.03935584 +.00001327  00000 0  00000 0 4 0882                                                                                                                                                                                                                                                                                                                                                                                                                                                           
 2 90024  64.7717 195.4038 6033327 269.3020  18.6110  2.0061535803847                                                                                                                                                                                                                                                                                                                                                                                                                                                           

         0.0000000      -14.5385409       24.9377103     8185.8702263   -13947.8930223    -2058.3438946    -3645.6368124
      2700.0000000       40.8485941      230.9726290    23289.4042938    22189.0388977    -3404.2095698    19382.4415212
      5400.0000000       63.7325934      225.5357403    35525.2786700    10019.7774800   -15614.0158480    37553.4625960
      8100.0000000       58.1912024      210.3336519    32857.7688149    -8960.5319253   -18647.7320336    33319.9099994
     10800.0000000       13.9693824      210.7194118    13951.0261678   -18347.6314364    -7252.7950783     4897.5189165
     13500.0000000       30.2472174       51.1283798    18766.0368137    21721.1675803     -445.1780430    12647.1306076
     16200.0000000       61.8023553       48.7063760    34376.6745396    13200.6040670   -14031.6909732    35895.0892287
     18900.0000000       61.2761018       32.1942143    34521.1683418    -5555.8606669   -18862.4779061    35843.3851812
     21600.0000000       30.0611729       31.8583531    19288.1307790   -19222.4007276   -11142.8897508    12838.1381035
     24300.0000000       13.1852789      232.7954050    13312.1923822    18991.0453100     2630.2459915     4481.8903465
     27000.0000000       58.8097756      231.1717682    32615.3553912    16157.3740339   -12127.0170940    33333.8827369
     29700.0000000       63.4291799      215.2231499    35626.5477407    -1961.7748712   -18693.8626515    37545.2836873
     32400.0000000       40.6170713      211.9171462    23867.1178699   -18207.1356495   -13996.7285805    19667.7392824
     35100.0000000      -19.7460432       60.8727038     7301.8943843    11822.8002487     5105.1409502    -4608.2144510
     37800.0000000       54.5444360       52.8792474    30167.7111412    18761.3493135    -9887.7424775    29745.7104676
     40500.0000000       64.6180814       39.3855969    36157.0394259     1768.5211294   -18154.2664222    38406.4072605
     43200.0000000       48.2363523       31.9554743    27680.7461864   -16051.5480969   -16041.4387259    25381.4537730


 1 90025U RELEAS14 00051.03935584 +.00001327  00000 0  00000 0 4 0882                                                                                                                                                                                                                                                                                                                                                                                                                                                           
 2 90025  64.7717 195.4038 6833327 269.3020  18.6110  2.0061535803847                                                                                                                                                                                                                                                                                                                                                                                                                                                           

         0.0000000        0.0553667       31.9549968     7909.2806425   -13773.6268810    -3797.0064839       13.7651253
      2700.0000000       47.0476193      224.5679485    24906.5311237    20585.9782582    -5564.8955949    22874.9673778
      5400.0000000       64.0911115      222.2447978    37631.0134536     9442.9368063   -16759.8591746    39562.8791705
      8100.0000000       60.0138470      215.4484879    34880.9992566    -7241.3392928   -19316.2428713    35713.2924198
     10800.0000000       25.2366921      216.5717652    14769.3190968   -16982.9007762    -8811.0646509     8999.8408113
     13500.0000000       38.7175954       44.6186713    20064.7727147    20452.9886372    -2759.4743927    16518.0637119
     16200.0000000       62.7611935       43.6639968    36442.9915534    12127.7075917   -15406.2626946    38049.5466947
     18900.0000000       62.2604774       36.0991472    36603.6995843    -4334.2312259   -19538.8745291    38019.0217084
     21600.0000000       38.3521531       37.4455910    20677.3274846   -17238.1281056   -12381.0850581    16766.3106449
     24300.0000000       24.6714997      226.1500878    13970.5987687    18490.2707518      400.2122262     8477.5901136
     27000.0000000       60.6233765      224.9294000    34599.6742062    14675.4199875   -13748.7121401    35685.5167330
     29700.0000000       63.8154466      217.4880522    37748.5548917    -1265.8252476   -19437.9613987    39575.3636333
     32400.0000000       46.7268814      217.4067653    25612.4597137   -16032.7258239   -14972.1633616    23269.2934748
     35100.0000000       -6.2860714       53.4049707     6543.1255495    12353.2260966     3515.9212656    -1410.1362386
     37800.0000000       57.4467179       45.9800926    32001.8294485    16987.4835214   -11758.1333124    32326.8981055
     40500.0000000       64.6751733       39.6275264    38286.5874795     1933.4325701   -19014.7638686    40349.4528274
     43200.0000000       52.6655268       37.3142016    29668.5038771   -13957.4581688   -16836.1470528    28637.7417680


 1 90026U RELEAS14 00051.03935584 +.00001327  00000 0  00000 0 4 0882                                                                                                                                                                                                                                                                                                                                                                                                                                                           
 2 90026  64.7717 195.4038 7233327 269.3020  18.6110  2.0061535803847                                                                                                                                                                                                                                                                                                                                                                                                                                                           

         0.0000000        7.9848541       35.7015728     8004.3119107   -13454.5228675    -4674.4702738     1992.0104866
      2700.0000000       49.8837611      220.9349654    25780.8001821    19628.1141305    -6666.6254088    24570.0456553
      5400.0000000       64.2390554      220.5907769    38686.6340182     9121.1984120   -17340.9453121    40563.1178810
      8100.0000000       60.8023406      218.0228923    35904.8046689    -6368.1471904   -19627.3631000    36887.4423885
     10800.0000000       30.7013357      219.7828488    15334.2720603   -16068.1378227    -9514.8857317    11066.5773020
     13500.0000000       42.6916351       40.8235112    20814.3445590    19594.1466081    -3978.9917105    18415.6002228
     16200.0000000       63.1668221       41.0006979    37481.6093648    11514.2762884   -16114.8665903    39114.1556141
     18900.0000000       62.6781974       37.8929554    37652.8198225    -3758.3362636   -19865.0293878    39095.9739682
     21600.0000000       42.2264632       40.4776802    21481.0958480   -16101.1723948   -12908.4466165    18700.9056190
     24300.0000000       30.2812210      222.2706310    14439.6072226    17963.0028740     -828.1090925    10478.4268757
     27000.0000000       61.4072222      221.4931909    35596.5791634    13815.7914533   -14593.8958203    36832.5376458
     29700.0000000       63.9771830      218.3396723    38815.4040808     -994.6389984   -19810.3583772    40588.8731443
     32400.0000000       49.5200102      220.2937465    26574.6569449   -14885.3462091   -15375.4432297    25041.8546949
     35100.0000000        1.1535108       49.2886301     6298.8151327    12407.8642528     2585.5483813      254.3428770
     37800.0000000       58.7265406       42.0399401    32914.9316656    15941.1468697   -12739.2126110    33560.5558045
     40500.0000000       64.7002884       39.4075828    39352.9499142     1903.0614143   -19457.9767164    41321.9073613
     43200.0000000       54.6527285       40.0024975    30744.6426023   -12921.2650117   -17165.1516657    30256.3050901


 1 90027U RELEAS14 00051.03935584 +.00000209  00000 0  99999-4 4 1844                                                                                                                                                                                                                                                                                                                                                                                                                                                           
 2 90027  64.3871 233.3669 6991935 271.4388  16.5332  1.9699794003847                                                                                                                                                                                                                                                                                                                                                                                                                                                           

         0.0000000        0.1303602       69.9532000     7149.4357559    -8063.5091863   -10861.5857893       30.6809599
      2700.0000000       54.4709519      250.7492107    31597.4358396    21666.8290620     4232.9406028    30882.0374006
      5400.0000000       64.0295589      235.1963261    38732.2979618    13312.5626394   -14604.9165591    40532.2708768
      8100.0000000       37.5348142      220.2771069    19054.0660593    -5466.2978519   -19418.9074832    15473.1914361
     10800.0000000       45.2882088       32.7892350    24912.7447810    20174.2072908     8830.1042906    22214.2981087
     13500.0000000       64.2947100       20.6391446    39273.9914714    16860.2058497   -10398.1845628    41111.3583295
     16200.0000000       51.1171141        3.9664481    27570.7952345     -553.5870480   -21311.7378445    26403.6853659
     18900.0000000       26.8099367      176.5533111    15202.8710396    15192.0670578    11846.7242281     9716.4214289
     21600.0000000       62.6568194      165.6923138    38098.5005670    19638.5585658    -5655.7262540    39484.3147425
     24300.0000000       58.3904621      147.4273498    33445.2450956     4525.5280298   -20384.3675156    33891.9550539
     27000.0000000      -43.5462836      346.3049339     2673.6588587     1338.3724502     6430.4646713    -6213.6806053
     29700.0000000       59.0053958      309.4982391    35116.1954484    21366.3352824     -640.0082739    35546.4019216
     32400.0000000       62.4396657      291.7184449    37153.6987467     9257.8483190   -17896.4466715    38569.0013288
     35100.0000000       14.2526889      275.1364195    10353.1257408    -8685.3269136   -13695.7267875     4109.0205663
     37800.0000000       52.8323699       91.9950216    30178.0602838    21663.3979926     4338.7311689    29107.3258856
     40500.0000000       64.2456323       76.8516026    39001.4968122    13460.4017385   -14419.3738957    40848.9522687
     43200.0000000       41.4991205       62.0139877    21379.7595915    -5368.4068950   -20091.9161769    18370.5096069


 1 90028U RELEAS14 00051.15714066 -.00000031  00000 0 -13568-4 4 0377                                                                                                                                                                                                                                                                                                                                                                                                                                                           
 2 90028  72.5158 115.6069 0011430 124.7615 235.4297 12.4439648802428                                                                                                                                                                                                                                                                                                                                                                                                                                                           

         0.0000000        0.0800765      269.6563753     1497.4674418    -3406.9060853     7100.5622490       10.9472589
      2700.0000000       60.6483232       96.2157410     1497.4214439     -735.4936123    -3797.7686917     6841.4320183
      5400.0000000      -45.5043485      189.1602916     1504.2279957     3468.8081668    -4309.3725386    -5599.7780205
      8100.0000000      -17.2631726       25.4268247     1501.2654412    -1557.9548284     7363.2272321    -2326.1835954
     10800.0000000       71.6457322      180.5980232     1500.3555538    -2062.6013198    -1389.4654017     7455.3817476
     13500.0000000      -28.7156605      301.8301766     1496.5931998     2593.9267397    -6405.2846244    -3765.3577283
     16200.0000000      -34.3807429      140.0188110     1507.3122124      331.4645128     6505.0737612    -4432.5443420
     18900.0000000       68.8730374      247.0867177     1500.8329007    -2489.6572777     1380.0949338     7326.8342200
     21600.0000000      -11.4695729       56.9745266     1490.3551322     1037.9847176    -7642.0167488    -1556.3064259
     24300.0000000      -50.8681117      251.1253228     1513.7491232     1809.4302168     4649.0521893    -6098.5046913
     27000.0000000       55.5052720      341.3947150     1499.0369637    -1948.7894477     4022.0723077     6468.9164707
     29700.0000000        5.9215987      172.8497919     1487.1273425     -796.8028306    -7782.8374851      807.0579070
     32400.0000000      -65.4593852      351.8160419     1518.4266362     2519.2238722     2111.5426923    -7160.4310036
     35100.0000000       39.3052974       90.5075339     1496.2310057     -585.5160118     6071.5145351     4966.3904734
     37800.0000000       23.2588510      288.3554689     1487.3534056    -2448.3235755    -6802.1186015     3090.4160456
     40500.0000000      -72.5890876       65.1184675     1519.6367391     2275.1468954     -660.3245143    -7513.6884865
     43200.0000000       22.2771788      204.4007988     1494.2521061     1272.2606181     7175.7256431     2969.2947340


 1 90029U RELEAS14 00051.38558242 +.00000961  00000 0  44365-3 4 5319                                                                                                                                                                                                                                                                                                                                                                                                                                                           
 2 90029  98.7064 100.2836 0014146 119.4841 240.7749 14.2193618701011                                                                                                                                                                                                                                                                                                                                                                                                                                                           

         0.0000000        0.1171622      171.8258275      829.5655820    -1284.5058249     7092.3040347       14.6514700
      2700.0000000      -46.8549531       27.4906480      837.8472226      239.5941876    -4936.6143224    -5242.0656585
      5400.0000000       80.4150405      146.2610657      832.2860307     1179.4744810     -242.1730011     7088.0905172
      8100.0000000      -38.5335583      313.8101998      841.6168126    -2190.5366235     5212.5198353    -4476.2475180
     10800.0000000       -8.2938883      170.5704434      822.2326394     2012.1438883    -6835.4974825    -1032.5624438
     13500.0000000       54.2197602       24.6410609      829.8696344     -538.1068793     4188.1764422     5824.3267413
     16200.0000000      -75.1879242      117.0111610      853.6332370    -1546.6666546     1022.1806557    -6969.4263266
     18900.0000000       30.5394766      311.9964314      820.3828674     2948.5212514    -5459.3381240     3638.8866499
     21600.0000000       15.7723055      169.3752251      825.4869225    -2664.6528181     6401.4745184     1946.8738860
     24300.0000000      -62.0348366       20.1727367      848.6562046      604.1594502    -3342.5719229    -6359.8963640
     27000.0000000       68.3275827      104.3692432      827.8869095     2081.9117128    -1668.5216377     6674.0457682
     29700.0000000      -23.0223442      310.5483738      833.9317109    -3743.8293153     5484.7041484    -2805.1389542
     32400.0000000      -24.0023851      167.9500778      831.6908835     3151.0630827    -5787.3808528    -2916.8351091
     35100.0000000       69.1654109       13.2504014      828.5972116     -477.8230286     2525.0773221     6712.9750543
     37800.0000000      -61.0895004       97.8406812      850.2324946    -2765.7401499     2148.9016148    -6304.4423413
     40500.0000000       14.8089842      309.1419865      822.5771430     4503.8144687    -5310.1142644     1829.9241657
     43200.0000000       31.4593498      166.4894461      822.1570952    -3481.5277771     5065.8911907     3738.5208709


 1 90030U RELEAS14 00051.38558242 +.01672663  94000-5  22520-2 4 0035                                                                                                                                                                                                                                                                                                                                                                                                                                                           
 2 90030  28.5475 124.9280 0081002 156.8669 205.7976 16.0204499601011                                                                                                                                                                                                                                                                                                                                                                                                                                                           

         0.0000000        1.0875546      198.4774186      311.1413485    -4017.2727242     5347.1413717      126.1540366
      2700.0000000       22.2017262      273.6025251      294.6696091    -5766.1249401     2226.0613391     2506.4551626
      5400.0000000       27.4486374        2.5308023      268.2506754    -5363.6175278    -2463.2310736     3046.0711326
      8100.0000000        6.9536417       90.1832506      234.5615630    -2334.5436624    -6135.2115173      795.4428707
     10800.0000000      -21.4570066      177.8084517      215.0511811     2461.6922951    -5623.7014830    -2397.2272329
     13500.0000000      -24.8854075      282.7359880      214.9731487     5965.2383672     -478.2421651    -2758.0260613
     16200.0000000        6.1502210       20.8633219      237.1283129     4193.3439349     5067.3939784      704.1819940
     18900.0000000       28.6697428      130.2943356      278.5149575    -2623.5481458     5222.9653125     3175.4559587
     21600.0000000        2.0327842      243.3368877      289.8385771    -6620.1550545     -761.4681870      235.0084065
     24300.0000000      -28.6061964        1.1944043      260.3696877     -885.5332226    -5764.8351467    -3160.3158862
     27000.0000000        1.7548885      127.7410387      204.1776288     6344.9013698    -1740.3151485      200.2684999
     29700.0000000       26.9978617      264.6125969      214.7792664     1183.8730767     5757.9183028     2975.5045455
     32400.0000000      -18.2309772       38.9331562      269.0682520    -6210.7694975     1145.4811876    -2066.8596129
     35100.0000000       -9.8078159      192.1558856      253.6327813     1092.2623200    -6443.5321054    -1122.5131950
     37800.0000000       27.2091251      349.1989528      195.5360105     4877.7392712     3229.9841786     2988.2491326
     40500.0000000      -25.9258461      150.5062341      233.8743261    -5237.4608442     2823.9214918    -2873.9268735
     43200.0000000       14.4952579      324.5844339      245.1951025     1398.4416136    -6259.4818516     1647.4645281


 1 90031U RELEAS14 00051.38558242 +.00168784  00000 0  70845-3 4 0046                                                                                                                                                                                                                                                                                                                                                                                                                                                           
 2 90031  63.9976   6.4832 7509563 239.3244 315.9903  2.0525984300303                                                                                                                                                                                                                                                                                                                                                                                                                                                           

         0.0000000       61.3018105      195.2534131    18756.0547028    -6699.8190647    10048.5019285    22023.6543768
      2700.0000000       61.8719570      186.5962004    32672.6951754     5726.9122694    17505.1325905    34415.7270763
      5400.0000000       54.6912044      207.2039215    38707.0973833    16984.2839659    19773.9458286    36768.4726991
      8100.0000000       46.2037796      237.1070818    38713.5610596    25224.6072877    18388.1870677    32524.6281620
     10800.0000000       35.2586874      269.5319027    32761.1403099    28883.8256235    13692.9020186    22573.3289376
     13500.0000000       15.1374089      299.7647487    19212.7210436    24123.8426017     5323.8701673     6671.8915718
     16200.0000000        8.8452048      150.7346715     2600.6029466    -8872.3624245      -40.7398006     1374.1317638
     18900.0000000       63.9006721      113.3868641    24303.3024131    -2290.2124812    13309.6448073    27530.0119889
     21600.0000000       59.8865355      117.9812384    35111.8886785    10030.2640572    18249.3819890    35867.1056866
     24300.0000000       52.4660526      142.9811433    39242.3810803    20315.0218310    18979.7756448    36153.4772090
     27000.0000000       43.8561623      174.3436910    37835.5069881    27258.1456732    16550.0637439    30610.9234045
     29700.0000000       32.3817076      207.2283609    30744.5591324    29273.1972435    11235.2982116    19861.7216466
     32400.0000000        9.5728860      236.7300798    16250.8966568    22131.2950070     2853.5495457     3756.2530032
     35100.0000000       27.0592074       80.4894940     4909.7523350    -9834.8038840     2098.6108227     5117.5590970
     37800.0000000       63.9120477       52.2398951    24427.4815602    -1546.8615655    13465.8281302    27644.2198575
     40500.0000000       60.2983860       59.4215008    34485.6509875     9948.7396439    17643.7211222    35471.8648873
     43200.0000000       53.7534568       85.1509924    38797.3837039    19489.8067472    18276.7475383    36409.8902181


 1 90032U RELEAS14 00051.38558242 +.00332394  00000 0  96401-4 4 0062                                                                                                                                                                                                                                                                                                                                                                                                                                                           
 2 90032  63.8221 352.9474 7190794 239.0801 307.3271  2.4861841700210                                                                                                                                                                                                                                                                                                                                                                                                                                                           

         0.0000000       61.9632652      177.3847322    17747.8525792    -3094.5183994    10917.8911881    21271.6690245
      2700.0000000       51.4809616      145.3556289    33117.0430719    21168.8134238    12540.9540017    30877.8586432
      5400.0000000       23.9314712      162.5691821    21934.9883298    25795.0676293     2123.1166492    11469.1369919
      8100.0000000       57.0234996      323.6324028    13557.1708927    -5853.0972949     9146.4107459    16700.3512090
     10800.0000000       57.0690321      284.8400033    31192.5724360    15497.1849621    13316.6244626    31510.8237984
     13500.0000000       41.8430663      304.3193423    30758.2233177    26463.6235828     8090.5744187    24751.2168597
     16200.0000000       18.6260030      330.4604182    18834.8711721    23894.5028763       -4.6568151     8039.8213867
     18900.0000000      -11.1883398      189.2685741     1046.7142538    -7263.4942296      553.1472710    -1432.5489212
     21600.0000000       62.8214097      153.3946299    18454.5886031    -1308.3746425    11274.8195025    22067.8762224
     24300.0000000       63.0890673      164.6713769    24608.6598039     5987.1367303    12691.1351340    27608.2939720
     27000.0000000       63.6709104      215.2173629    22479.6915752     3928.1555245    12189.5357701    25841.2161048
     29700.0000000      -42.2942144       20.9786860      123.0421558    -4657.4251312    -1225.9843569    -4352.6322239
     32400.0000000       50.1804795      253.3470568    27685.4051879    19940.4184524     8863.0400445    26139.8691331
     35100.0000000       32.8747357      278.3221934    22218.0713191    23899.6446041     2422.2559978    15502.3603414
     37800.0000000       41.2346715      327.9309407    23793.1550830    22180.0178503     4813.3488182    19865.1869946
     40500.0000000       57.1181174      115.4271076    11213.9976773    -4278.4447023     8548.2078353    14750.4721484
     43200.0000000       39.7065541      183.3400497     5911.4081232    -7389.0477119     5909.3007642     7829.5094447


 1 90033U RELEAS14 00051.92409179 +.00000011  00000 0  00000 0 4 0041                                                                                                                                                                                                                                                                                                                                                                                                                                                           
 2 90033  52.6683  23.9378 0137366 276.7208  81.7737  6.4729361700921                                                                                                                                                                                                                                                                                                                                                                                                                                                           

         0.0000000        0.0450768      261.1373152     5762.3933921    11093.3888298     4932.4499998        9.5178296
      2700.0000000       37.5020453      338.7557741     5902.3272797     5102.7234247     8306.6650490     7455.0196001
      5400.0000000       51.8880257       89.3307732     5963.1805807    -4467.0268503     6179.8101502     9686.9885027
      8100.0000000       25.1774274      186.0697733     5896.9660359   -11111.8859366      107.0429432     5205.5776367
     10800.0000000      -13.9075866      259.8221183     5761.3125381   -10200.9203899    -5901.0252701    -2907.8281086
     13500.0000000      -47.7719216      347.8108410     5653.2562270    -2110.5225641    -7813.9842739    -8885.9655030
     16200.0000000      -43.6851629      106.3556257     5634.2808290     7550.3409648    -4310.4476222    -8274.4310054
     18900.0000000       -7.1663547      189.3877552     5720.7048977    11816.4685978     2117.2650118    -1504.0525086
     21600.0000000       31.6020933      264.7203155     5864.9817761     7711.4554295     7026.5008474     6396.2831632
     24300.0000000       52.7616141        9.1913893     5958.3631095    -1764.6992446     7262.0945434     9798.1328042
     27000.0000000       31.4567699      113.0660214     5927.3377144   -10114.1498474     2827.5475188     6402.4097618
     29700.0000000       -6.8358219      187.9706388     5803.7529183   -11619.2192900    -3361.1094752    -1444.9000481
     32400.0000000      -43.1419457      270.1300892     5679.5027626    -5032.7225895    -7225.3027629    -8222.7104906
     35100.0000000      -48.2320567       28.3549773     5627.8793275     5168.6087274    -6113.1556140    -8931.6488667
     37800.0000000      -14.3908763      117.3963271     5683.7523496    11657.6876916     -794.0042050    -2987.5229646
     40500.0000000       25.2079686      191.5724977     5822.5736936     9827.5630775     5035.0508707     5179.7993409
     43200.0000000       51.9752789      288.9759920     5942.4294509     1138.8148115     7511.8379283     9682.2274500


 1 90034U RELEAS14 00051.38558242 +.00711372  97635-5  13083-2 4 0021                                                                                                                                                                                                                                                                                                                                                                                                                                                           
 2 90034  62.8218  97.3466 0233042 119.4400 242.9881 17.6709972501011                                                                                                                                                                                                                                                                                                                                                                                                                                                           

         0.0000000        0.0724978      168.9467594      -79.9288118     -809.7244025     6245.9334373        7.9152567
Warning: Decay condition. Distance from the Geoid (Km) =    -79.929

